[  4%] [34m[1mAutomatic MOC for target carViz[0m
[  4%] Built target carViz_autogen
[35m[1mScanning dependencies of target carViz[0m
[  8%] [32mBuilding CXX object CMakeFiles/carViz.dir/comm/ros2src/publisherMotorsros2.cpp.o[0m
[01m[K/home/pankhuri/Week13/carViz/comm/ros2src/publisherMotorsros2.cpp:[m[K In constructor ‘[01m[KComm::PublisherMotors::PublisherMotors(int, char**, std::__cxx11::string, std::__cxx11::string)[m[K’:
[01m[K/home/pankhuri/Week13/carViz/comm/ros2src/publisherMotorsros2.cpp:7:39:[m[K [01;35m[Kwarning: [m[Kunused parameter ‘[01m[Kargc[m[K’ [[01;35m[K-Wunused-parameter[m[K]
  PublisherMotors::PublisherMotors(int [01;35m[Kargc[m[K, char** argv, std::string nodeName, std::string topic)
                                       [01;35m[K^~~~[m[K
[01m[K/home/pankhuri/Week13/carViz/comm/ros2src/publisherMotorsros2.cpp:7:52:[m[K [01;35m[Kwarning: [m[Kunused parameter ‘[01m[Kargv[m[K’ [[01;35m[K-Wunused-parameter[m[K]
  PublisherMotors::PublisherMotors(int argc, char** [01;35m[Kargv[m[K, std::string nodeName, std::string topic)
                                                    [01;35m[K^~~~[m[K
[ 12%] [32mBuilding CXX object CMakeFiles/carViz.dir/comm/ros2src/translatorsros2.cpp.o[0m
[ 16%] [32m[1mLinking CXX executable carViz[0m
CMakeFiles/carViz.dir/comm/ros2src/listenerPoseros2.cpp.o: In function `rclcpp::create_subscription_factory<nav_msgs::msg::Odometry_<std::allocator<void> >, std::_Bind<void (Comm::ListenerPose::*(Comm::ListenerPose*, std::_Placeholder<1>))(std::shared_ptr<nav_msgs::msg::Odometry_<std::allocator<void> > >)>, std::allocator<void>, nav_msgs::msg::Odometry_<std::allocator<void> >, rclcpp::Subscription<nav_msgs::msg::Odometry_<std::allocator<void> >, std::allocator<void> > >(std::_Bind<void (Comm::ListenerPose::*(Comm::ListenerPose*, std::_Placeholder<1>))(std::shared_ptr<nav_msgs::msg::Odometry_<std::allocator<void> > >)>&&, rclcpp::SubscriptionEventCallbacks const&, rclcpp::message_memory_strategy::MessageMemoryStrategy<nav_msgs::msg::Odometry_<std::allocator<void> >, std::allocator<void> >::SharedPtr, std::shared_ptr<std::allocator<void> >)::{lambda(rclcpp::node_interfaces::NodeBaseInterface*, std::__cxx11::basic_string<char, std::char_traits<char>, std::allocator<char> > const&, rcl_subscription_options_t const&)#1}::operator()(rclcpp::node_interfaces::NodeBaseInterface*, std::__cxx11::basic_string<char, std::char_traits<char>, std::allocator<char> > const&, rcl_subscription_options_t const&) const':
/opt/ros/dashing/include/rclcpp/subscription_factory.hpp:110: undefined reference to `rosidl_message_type_support_t const* rosidl_typesupport_cpp::get_message_type_support_handle<nav_msgs::msg::Odometry_<std::allocator<void> > >()'
collect2: error: ld returned 1 exit status
CMakeFiles/carViz.dir/build.make:999: recipe for target 'carViz' failed
CMakeFiles/Makefile2:67: recipe for target 'CMakeFiles/carViz.dir/all' failed
Makefile:140: recipe for target 'all' failed
make[2]: *** [carViz] Error 1
make[1]: *** [CMakeFiles/carViz.dir/all] Error 2
make: *** [all] Error 2
