[01m[K/home/pankhuri/Week13/carViz/main.cpp:65:12:[m[K [01;35m[Kwarning: [m[K"/*" within comment [[01;35m[K-Wcomment[m[K]
         ////****Do work her****////
             
In file included from [01m[K/home/pankhuri/Week13/carViz/main.cpp:4:0[m[K:
[01m[K/home/pankhuri/Week13/carViz/config/config.h:[m[K In function ‘[01m[KConfig::Properties Config::load(int, char**)[m[K’:
[01m[K/home/pankhuri/Week13/carViz/config/config.h:18:29:[m[K [01;35m[Kwarning: [m[Kunused parameter ‘[01m[Kargc[m[K’ [[01;35m[K-Wunused-parameter[m[K]
 Config::Properties load(int [01;35m[Kargc[m[K, char* argv[])
                             [01;35m[K^~~~[m[K
[01m[K/home/pankhuri/Week13/carViz/comm/ros2src/listenerCameraros2.cpp:[m[K In constructor ‘[01m[KComm::ListenerCamera::ListenerCamera(int, char**, std::__cxx11::string, std::__cxx11::string)[m[K’:
[01m[K/home/pankhuri/Week13/carViz/comm/ros2src/listenerCameraros2.cpp:6:37:[m[K [01;35m[Kwarning: [m[Kunused parameter ‘[01m[Kargc[m[K’ [[01;35m[K-Wunused-parameter[m[K]
  ListenerCamera::ListenerCamera(int [01;35m[Kargc[m[K, char** argv, std::string nodeName, std::string topic):
                                     [01;35m[K^~~~[m[K
[01m[K/home/pankhuri/Week13/carViz/comm/ros2src/listenerCameraros2.cpp:6:50:[m[K [01;35m[Kwarning: [m[Kunused parameter ‘[01m[Kargv[m[K’ [[01;35m[K-Wunused-parameter[m[K]
  ListenerCamera::ListenerCamera(int argc, char** [01;35m[Kargv[m[K, std::string nodeName, std::string topic):
                                                  [01;35m[K^~~~[m[K
[01m[K/home/pankhuri/Week13/carViz/comm/ros2src/listenerLaserros2.cpp:[m[K In constructor ‘[01m[KComm::ListenerLaser::ListenerLaser(int, char**, std::__cxx11::string, std::__cxx11::string)[m[K’:
[01m[K/home/pankhuri/Week13/carViz/comm/ros2src/listenerLaserros2.cpp:17:4:[m[K [01;31m[Kerror: [m[K‘[01m[Ksubscription__[m[K’ was not declared in this scope
    [01;31m[Ksubscription__[m[K = this->create_subscription<const sensor_msgs::msg::LaserScan>(
    [01;31m[K^~~~~~~~~~~~~~[m[K
[01m[K/home/pankhuri/Week13/carViz/comm/ros2src/listenerLaserros2.cpp:17:4:[m[K [01;36m[Knote: [m[Ksuggested alternative: ‘[01m[Ksubscription_[m[K’
    [01;36m[Ksubscription__[m[K = this->create_subscription<const sensor_msgs::msg::LaserScan>(
    [01;36m[K^~~~~~~~~~~~~~[m[K
    [32m[Ksubscription_[m[K
[01m[K/home/pankhuri/Week13/carViz/comm/ros2src/listenerLaserros2.cpp:18:44:[m[K [01;31m[Kerror: [m[K‘[01m[Klaserallback[m[K’ is not a member of ‘[01m[KComm::ListenerLaser[m[K’
       topic, 10, std::bind(&ListenerLaser::[01;31m[Klaserallback[m[K, this, _1));
                                            [01;31m[K^~~~~~~~~~~~[m[K
[01m[K/home/pankhuri/Week13/carViz/comm/ros2src/listenerLaserros2.cpp:6:35:[m[K [01;35m[Kwarning: [m[Kunused parameter ‘[01m[Kargc[m[K’ [[01;35m[K-Wunused-parameter[m[K]
  ListenerLaser::ListenerLaser(int [01;35m[Kargc[m[K, char** argv, std::string nodeName, std::string topic)
                                   [01;35m[K^~~~[m[K
[01m[K/home/pankhuri/Week13/carViz/comm/ros2src/listenerLaserros2.cpp:6:48:[m[K [01;35m[Kwarning: [m[Kunused parameter ‘[01m[Kargv[m[K’ [[01;35m[K-Wunused-parameter[m[K]
  ListenerLaser::ListenerLaser(int argc, char** [01;35m[Kargv[m[K, std::string nodeName, std::string topic)
                                                [01;35m[K^~~~[m[K
[01m[K/home/pankhuri/Week13/carViz/comm/ros2src/listenerLaserros2.cpp:[m[K At global scope:
[01m[K/home/pankhuri/Week13/carViz/comm/ros2src/listenerLaserros2.cpp:37:55:[m[K [01;31m[Kerror: [m[K‘[01m[KLaseScan[m[K’ in namespace ‘[01m[Ksensor_msgs::msg[m[K’ does not name a type
  ListenerLaser::lasercallback(const sensor_msgs::msg::[01;31m[KLaseScan[m[K::SharedPtr laser_msg){
                                                       [01;31m[K^~~~~~~~[m[K
[01m[K/home/pankhuri/Week13/carViz/comm/ros2src/listenerLaserros2.cpp:37:75:[m[K [01;31m[Kerror: [m[Kexpected unqualified-id before ‘[01m[Klaser_msg[m[K’
  ListenerLaser::lasercallback(const sensor_msgs::msg::LaseScan::SharedPtr [01;31m[Klaser_msg[m[K){
                                                                           [01;31m[K^~~~~~~~~[m[K
[01m[K/home/pankhuri/Week13/carViz/comm/ros2src/listenerLaserros2.cpp:37:75:[m[K [01;31m[Kerror: [m[Kexpected ‘[01m[K)[m[K’ before ‘[01m[Klaser_msg[m[K’
[01m[K/home/pankhuri/Week13/carViz/comm/ros2src/listenerLaserros2.cpp:37:75:[m[K [01;31m[Kerror: [m[Kexpected initializer before ‘[01m[Klaser_msg[m[K’
make[2]: *** [CMakeFiles/carViz.dir/comm/ros2src/listenerLaserros2.cpp.o] Error 1
make[1]: *** [CMakeFiles/carViz.dir/all] Error 2
make: *** [all] Error 2
