[01m[K/home/pankhuri/Week13/carViz/main.cpp:65:12:[m[K [01;35m[Kwarning: [m[K"/*" within comment [[01;35m[K-Wcomment[m[K]
         ////****Do work her****////
             
In file included from [01m[K/home/pankhuri/Week13/carViz/robot/../comm/ros2head/listenerLaserros2.hpp:6:0[m[K,
                 from [01m[K/home/pankhuri/Week13/carViz/robot/../comm/laserClient.hpp:11[m[K,
                 from [01m[K/home/pankhuri/Week13/carViz/robot/sensors.h:15[m[K,
                 from [01m[K/home/pankhuri/Week13/carViz/robot/sensors.cpp:1[m[K:
[01m[K/home/pankhuri/Week13/carViz/robot/../comm/ros2head/translatorsros2.hpp:37:76:[m[K [01;31m[Kerror: [m[K‘[01m[KLaserScanSharedPtr[m[K’ in namespace ‘[01m[Ksensor_msgs::msg[m[K’ does not name a type
  JdeRobotTypes::LaserData translate_laser_messages(const sensor_msgs::msg::[01;31m[KLaserScanSharedPtr[m[K& scan);
                                                                            [01;31m[K^~~~~~~~~~~~~~~~~~[m[K
In file included from [01m[K/home/pankhuri/Week13/carViz/robot/../comm/ros2head/listenerLaserros2.hpp:6:0[m[K,
                 from [01m[K/home/pankhuri/Week13/carViz/robot/../comm/laserClient.hpp:11[m[K,
                 from [01m[K/home/pankhuri/Week13/carViz/robot/sensors.h:15[m[K,
                 from [01m[K/home/pankhuri/Week13/carViz/robot/sensors.cpp:1[m[K:
[01m[K/home/pankhuri/Week13/carViz/robot/../comm/ros2head/translatorsros2.hpp:58:2:[m[K [01;31m[Kerror: [m[K‘[01m[Kgeometry_msgs[m[K’ does not name a type
  [01;31m[Kgeometry_msgs[m[K::msg::Twist translate_twist_messages(JdeRobotTypes::CMDVel cmdvel );
  [01;31m[K^~~~~~~~~~~~~[m[K
[01m[K/home/pankhuri/Week13/carViz/robot/../comm/ros2head/translatorsros2.hpp:68:58:[m[K [01;31m[Kerror: [m[K‘[01m[Knav_msgs[m[K’ does not name a type
  JdeRobotTypes::Pose3d translate_odometry_messages(const [01;31m[Knav_msgs[m[K::OdometryConstPtr& odom_msg);
                                                          [01;31m[K^~~~~~~~[m[K
[01m[K/home/pankhuri/Week13/carViz/robot/../comm/ros2head/translatorsros2.hpp:68:84:[m[K [01;31m[Kerror: [m[Kexpected unqualified-id before ‘[01m[K&[m[K’ token
  JdeRobotTypes::Pose3d translate_odometry_messages(const nav_msgs::OdometryConstPtr[01;31m[K&[m[K odom_msg);
                                                                                    [01;31m[K^[m[K
[01m[K/home/pankhuri/Week13/carViz/robot/../comm/ros2head/translatorsros2.hpp:68:84:[m[K [01;31m[Kerror: [m[Kexpected ‘[01m[K)[m[K’ before ‘[01m[K&[m[K’ token
[01m[K/home/pankhuri/Week13/carViz/robot/../comm/ros2head/translatorsros2.hpp:68:86:[m[K [01;31m[Kerror: [m[Kexpected initializer before ‘[01m[Kodom_msg[m[K’
  JdeRobotTypes::Pose3d translate_odometry_messages(const nav_msgs::OdometryConstPtr& [01;31m[Kodom_msg[m[K);
                                                                                      [01;31m[K^~~~~~~~[m[K
In file included from [01m[K/home/pankhuri/Week13/carViz/robot/../comm/ros2head/publisherMotorsros2.hpp:6:0[m[K,
                 from [01m[K/home/pankhuri/Week13/carViz/robot/../comm/motorsClient.hpp:6[m[K,
                 from [01m[K/home/pankhuri/Week13/carViz/robot/actuators.h:7[m[K,
                 from [01m[K/home/pankhuri/Week13/carViz/robot/actuators.cpp:1[m[K:
[01m[K/home/pankhuri/Week13/carViz/robot/../comm/ros2head/translatorsros2.hpp:37:17:[m[K [01;31m[Kerror: [m[K‘[01m[KLaserData[m[K’ in namespace ‘[01m[KJdeRobotTypes[m[K’ does not name a type
  JdeRobotTypes::[01;31m[KLaserData[m[K translate_laser_messages(const sensor_msgs::msg::LaserScanSharedPtr& scan);
                 [01;31m[K^~~~~~~~~[m[K
In file included from [01m[K/home/pankhuri/Week13/carViz/robot/../comm/ros2head/publisherMotorsros2.hpp:6:0[m[K,
                 from [01m[K/home/pankhuri/Week13/carViz/robot/../comm/motorsClient.hpp:6[m[K,
                 from [01m[K/home/pankhuri/Week13/carViz/robot/actuators.h:7[m[K,
                 from [01m[K/home/pankhuri/Week13/carViz/robot/actuators.cpp:1[m[K:
[01m[K/home/pankhuri/Week13/carViz/robot/../comm/ros2head/translatorsros2.hpp:68:17:[m[K [01;31m[Kerror: [m[K‘[01m[KPose3d[m[K’ in namespace ‘[01m[KJdeRobotTypes[m[K’ does not name a type
  JdeRobotTypes::[01;31m[KPose3d[m[K translate_odometry_messages(const nav_msgs::OdometryConstPtr& odom_msg);
                 [01;31m[K^~~~~~[m[K
make[2]: *** [CMakeFiles/carViz.dir/robot/sensors.cpp.o] Error 1
make[2]: *** Waiting for unfinished jobs....
make[2]: *** [CMakeFiles/carViz.dir/robot/actuators.cpp.o] Error 1
In file included from [01m[K/home/pankhuri/Week13/carViz/robot/../comm/ros2head/listenerLaserros2.hpp:6:0[m[K,
                 from [01m[K/home/pankhuri/Week13/carViz/robot/../comm/laserClient.hpp:11[m[K,
                 from [01m[K/home/pankhuri/Week13/carViz/robot/sensors.h:15[m[K,
                 from [01m[K/home/pankhuri/Week13/carViz/robot/robot.h:6[m[K,
                 from [01m[K/home/pankhuri/Week13/carViz/robot/robot.cpp:1[m[K:
[01m[K/home/pankhuri/Week13/carViz/robot/../comm/ros2head/translatorsros2.hpp:37:76:[m[K [01;31m[Kerror: [m[K‘[01m[KLaserScanSharedPtr[m[K’ in namespace ‘[01m[Ksensor_msgs::msg[m[K’ does not name a type
  JdeRobotTypes::LaserData translate_laser_messages(const sensor_msgs::msg::[01;31m[KLaserScanSharedPtr[m[K& scan);
                                                                            [01;31m[K^~~~~~~~~~~~~~~~~~[m[K
In file included from [01m[K/home/pankhuri/Week13/carViz/robot/../comm/ros2head/listenerLaserros2.hpp:6:0[m[K,
                 from [01m[K/home/pankhuri/Week13/carViz/robot/../comm/laserClient.hpp:11[m[K,
                 from [01m[K/home/pankhuri/Week13/carViz/robot/sensors.h:15[m[K,
                 from [01m[K/home/pankhuri/Week13/carViz/robot/robot.h:6[m[K,
                 from [01m[K/home/pankhuri/Week13/carViz/robot/robot.cpp:1[m[K:
[01m[K/home/pankhuri/Week13/carViz/robot/../comm/ros2head/translatorsros2.hpp:58:2:[m[K [01;31m[Kerror: [m[K‘[01m[Kgeometry_msgs[m[K’ does not name a type
  [01;31m[Kgeometry_msgs[m[K::msg::Twist translate_twist_messages(JdeRobotTypes::CMDVel cmdvel );
  [01;31m[K^~~~~~~~~~~~~[m[K
[01m[K/home/pankhuri/Week13/carViz/robot/../comm/ros2head/translatorsros2.hpp:68:58:[m[K [01;31m[Kerror: [m[K‘[01m[Knav_msgs[m[K’ does not name a type
  JdeRobotTypes::Pose3d translate_odometry_messages(const [01;31m[Knav_msgs[m[K::OdometryConstPtr& odom_msg);
                                                          [01;31m[K^~~~~~~~[m[K
[01m[K/home/pankhuri/Week13/carViz/robot/../comm/ros2head/translatorsros2.hpp:68:84:[m[K [01;31m[Kerror: [m[Kexpected unqualified-id before ‘[01m[K&[m[K’ token
  JdeRobotTypes::Pose3d translate_odometry_messages(const nav_msgs::OdometryConstPtr[01;31m[K&[m[K odom_msg);
                                                                                    [01;31m[K^[m[K
[01m[K/home/pankhuri/Week13/carViz/robot/../comm/ros2head/translatorsros2.hpp:68:84:[m[K [01;31m[Kerror: [m[Kexpected ‘[01m[K)[m[K’ before ‘[01m[K&[m[K’ token
[01m[K/home/pankhuri/Week13/carViz/robot/../comm/ros2head/translatorsros2.hpp:68:86:[m[K [01;31m[Kerror: [m[Kexpected initializer before ‘[01m[Kodom_msg[m[K’
  JdeRobotTypes::Pose3d translate_odometry_messages(const nav_msgs::OdometryConstPtr& [01;31m[Kodom_msg[m[K);
                                                                                      [01;31m[K^~~~~~~~[m[K
In file included from [01m[K/home/pankhuri/Week13/carViz/robot/../comm/ros2head/listenerLaserros2.hpp:6:0[m[K,
                 from [01m[K/home/pankhuri/Week13/carViz/robot/../comm/laserClient.hpp:11[m[K,
                 from [01m[K/home/pankhuri/Week13/carViz/robot/sensors.h:15[m[K,
                 from [01m[K/home/pankhuri/Week13/carViz/robot/robot.h:6[m[K,
                 from [01m[K/home/pankhuri/Week13/carViz/main.cpp:1[m[K:
[01m[K/home/pankhuri/Week13/carViz/robot/../comm/ros2head/translatorsros2.hpp:37:76:[m[K [01;31m[Kerror: [m[K‘[01m[KLaserScanSharedPtr[m[K’ in namespace ‘[01m[Ksensor_msgs::msg[m[K’ does not name a type
  JdeRobotTypes::LaserData translate_laser_messages(const sensor_msgs::msg::[01;31m[KLaserScanSharedPtr[m[K& scan);
                                                                            [01;31m[K^~~~~~~~~~~~~~~~~~[m[K
In file included from [01m[K/home/pankhuri/Week13/carViz/robot/../comm/ros2head/listenerLaserros2.hpp:6:0[m[K,
                 from [01m[K/home/pankhuri/Week13/carViz/robot/../comm/laserClient.hpp:11[m[K,
                 from [01m[K/home/pankhuri/Week13/carViz/robot/sensors.h:15[m[K,
                 from [01m[K/home/pankhuri/Week13/carViz/robot/robot.h:6[m[K,
                 from [01m[K/home/pankhuri/Week13/carViz/main.cpp:1[m[K:
[01m[K/home/pankhuri/Week13/carViz/robot/../comm/ros2head/translatorsros2.hpp:58:2:[m[K [01;31m[Kerror: [m[K‘[01m[Kgeometry_msgs[m[K’ does not name a type
  [01;31m[Kgeometry_msgs[m[K::msg::Twist translate_twist_messages(JdeRobotTypes::CMDVel cmdvel );
  [01;31m[K^~~~~~~~~~~~~[m[K
[01m[K/home/pankhuri/Week13/carViz/robot/../comm/ros2head/translatorsros2.hpp:68:58:[m[K [01;31m[Kerror: [m[K‘[01m[Knav_msgs[m[K’ does not name a type
  JdeRobotTypes::Pose3d translate_odometry_messages(const [01;31m[Knav_msgs[m[K::OdometryConstPtr& odom_msg);
                                                          [01;31m[K^~~~~~~~[m[K
[01m[K/home/pankhuri/Week13/carViz/robot/../comm/ros2head/translatorsros2.hpp:68:84:[m[K [01;31m[Kerror: [m[Kexpected unqualified-id before ‘[01m[K&[m[K’ token
  JdeRobotTypes::Pose3d translate_odometry_messages(const nav_msgs::OdometryConstPtr[01;31m[K&[m[K odom_msg);
                                                                                    [01;31m[K^[m[K
[01m[K/home/pankhuri/Week13/carViz/robot/../comm/ros2head/translatorsros2.hpp:68:84:[m[K [01;31m[Kerror: [m[Kexpected ‘[01m[K)[m[K’ before ‘[01m[K&[m[K’ token
[01m[K/home/pankhuri/Week13/carViz/robot/../comm/ros2head/translatorsros2.hpp:68:86:[m[K [01;31m[Kerror: [m[Kexpected initializer before ‘[01m[Kodom_msg[m[K’
  JdeRobotTypes::Pose3d translate_odometry_messages(const nav_msgs::OdometryConstPtr& [01;31m[Kodom_msg[m[K);
                                                                                      [01;31m[K^~~~~~~~[m[K
In file included from [01m[K/home/pankhuri/Week13/carViz/main.cpp:4:0[m[K:
[01m[K/home/pankhuri/Week13/carViz/config/config.h:[m[K In function ‘[01m[KConfig::Properties Config::load(int, char**)[m[K’:
[01m[K/home/pankhuri/Week13/carViz/config/config.h:18:29:[m[K [01;35m[Kwarning: [m[Kunused parameter ‘[01m[Kargc[m[K’ [[01;35m[K-Wunused-parameter[m[K]
 Config::Properties load(int [01;35m[Kargc[m[K, char* argv[])
                             [01;35m[K^~~~[m[K
make[2]: *** [CMakeFiles/carViz.dir/robot/robot.cpp.o] Error 1
make[2]: *** [CMakeFiles/carViz.dir/main.cpp.o] Error 1
make[1]: *** [CMakeFiles/carViz.dir/all] Error 2
make: *** [all] Error 2
