[01m[K/home/pankhuri/Week13/carViz/main.cpp:1:9:[m[K [01;35m[Kwarning: [m[K#pragma once in main file
 #pragma [01;35m[Konce[m[K
         [01;35m[K^~~~[m[K
In file included from [01m[K/home/pankhuri/Week13/carViz/main.cpp:8:0[m[K:
[01m[K/home/pankhuri/Week13/carViz/config/config.h:[m[K In function ‘[01m[KConfig::Properties Config::load(int, char**)[m[K’:
[01m[K/home/pankhuri/Week13/carViz/config/config.h:18:29:[m[K [01;35m[Kwarning: [m[Kunused parameter ‘[01m[Kargc[m[K’ [[01;35m[K-Wunused-parameter[m[K]
 Config::Properties load(int [01;35m[Kargc[m[K, char* argv[])
                             [01;35m[K^~~~[m[K
[01m[K/home/pankhuri/Week13/carViz/main.cpp:[m[K In function ‘[01m[Kint main(int, char**)[m[K’:
[01m[K/home/pankhuri/Week13/carViz/main.cpp:65:93:[m[K [01;31m[Kerror: [m[K‘[01m[Kclass Sensors[m[K’ has no member named ‘[01m[KmotorsClient[m[K’; did you mean ‘[01m[KlaserClient[m[K’?
         std::shared_ptr<Comm::PublisherMotors> ptr4((Comm::PublisherMotors*)robot->sensors->[01;31m[KmotorsClient[m[K);
                                                                                             [01;31m[K^~~~~~~~~~~~[m[K
                                                                                             [32m[KlaserClient[m[K
[01m[K/home/pankhuri/Week13/carViz/main.cpp:69:23:[m[K [01;31m[Kerror: [m[K‘[01m[Kptr1[m[K’ was not declared in this scope
         exec.add_node([01;31m[Kptr1[m[K);
                       [01;31m[K^~~~[m[K
[01m[K/home/pankhuri/Week13/carViz/main.cpp:69:23:[m[K [01;36m[Knote: [m[Ksuggested alternative: ‘[01m[Kptr4[m[K’
         exec.add_node([01;36m[Kptr1[m[K);
                       [01;36m[K^~~~[m[K
                       [32m[Kptr4[m[K
[01m[K/home/pankhuri/Week13/carViz/main.cpp:96:5:[m[K [01;31m[Kerror: [m[K‘[01m[Kexecution_thread[m[K’ was not declared in this scope
     [01;31m[Kexecution_thread[m[K.join();
     [01;31m[K^~~~~~~~~~~~~~~~[m[K
make[2]: *** [CMakeFiles/carViz.dir/main.cpp.o] Error 1
make[1]: *** [CMakeFiles/carViz.dir/all] Error 2
make: *** [all] Error 2
