[0.578s] DEBUG:colcon:Command line arguments: ['/usr/bin/colcon', 'build', '--symlink-install', '--cmake-args', ' -Drosversion:string=0']
[0.578s] DEBUG:colcon:Parsed command line arguments: Namespace(ament_cmake_args=None, base_paths='.', build_base='build', catkin_cmake_args=None, catkin_skip_building_tests=False, cmake_args=['-Drosversion:string=0'], cmake_clean_cache=False, cmake_clean_first=False, cmake_force_configure=False, cmake_target=None, cmake_target_skip_unavailable=False, continue_on_error=False, event_handlers=None, executor='parallel', ignore_user_meta=False, install_base='install', log_base='log', log_level=None, main=<bound method BuildVerb.main of <colcon_core.verb.build.BuildVerb object at 0x7ff988a96a20>>, merge_install=False, metas='./colcon.meta', packages_above=None, packages_above_depth=None, packages_end=None, packages_ignore=None, packages_ignore_regex=None, packages_select=None, packages_select_build_failed=False, packages_select_by_dep=None, packages_select_regex=None, packages_select_test_failures=False, packages_skip=None, packages_skip_build_finished=False, packages_skip_by_dep=None, packages_skip_regex=None, packages_skip_test_passed=False, packages_skip_up_to=None, packages_start=None, packages_up_to=None, parallel_workers=4, paths=None, symlink_install=True, test_result_base=None, verb_extension=<colcon_core.verb.build.BuildVerb object at 0x7ff988a96a20>, verb_name='build', verb_parser=<colcon_defaults.argument_parser.defaults.DefaultArgumentsDecorator object at 0x7ff988a96c50>)
[0.710s] Level 1:colcon.colcon_core.package_discovery:discover_packages(colcon_meta) check parameters
[0.711s] Level 1:colcon.colcon_core.package_discovery:discover_packages(recursive) check parameters
[0.711s] Level 1:colcon.colcon_core.package_discovery:discover_packages(ignore) check parameters
[0.711s] Level 1:colcon.colcon_core.package_discovery:discover_packages(path) check parameters
[0.711s] Level 1:colcon.colcon_core.package_discovery:discover_packages(recursive) discover
[0.713s] INFO:colcon.colcon_core.package_discovery:Crawling recursively for packages in '/home/pankhuri/Week13/carViz'
[0.713s] Level 1:colcon.colcon_core.package_identification:_identify(/home/pankhuri/Week13/carViz) by extensions ['ignore', 'ignore_ament_install']
[0.714s] Level 1:colcon.colcon_core.package_identification:_identify(/home/pankhuri/Week13/carViz) by extension 'ignore'
[0.715s] Level 1:colcon.colcon_core.package_identification:_identify(/home/pankhuri/Week13/carViz) by extension 'ignore_ament_install'
[0.717s] Level 1:colcon.colcon_core.package_identification:_identify(/home/pankhuri/Week13/carViz) by extensions ['colcon_pkg']
[0.718s] Level 1:colcon.colcon_core.package_identification:_identify(/home/pankhuri/Week13/carViz) by extension 'colcon_pkg'
[0.718s] Level 1:colcon.colcon_core.package_identification:_identify(/home/pankhuri/Week13/carViz) by extensions ['colcon_meta']
[0.718s] Level 1:colcon.colcon_core.package_identification:_identify(/home/pankhuri/Week13/carViz) by extension 'colcon_meta'
[0.718s] Level 1:colcon.colcon_core.package_identification:_identify(/home/pankhuri/Week13/carViz) by extensions ['ros']
[0.719s] Level 1:colcon.colcon_core.package_identification:_identify(/home/pankhuri/Week13/carViz) by extension 'ros'
[0.762s] DEBUG:colcon.colcon_core.package_identification:Package '/home/pankhuri/Week13/carViz' with type 'ros.ament_cmake' and name 'carviz'
[0.763s] Level 1:colcon.colcon_core.package_discovery:discover_packages(recursive) using defaults
[0.785s] Level 5:colcon.colcon_core.verb:set package 'carviz' build argument 'cmake_args' from command line to '['-Drosversion:string=0']'
[0.785s] Level 5:colcon.colcon_core.verb:set package 'carviz' build argument 'cmake_target' from command line to 'None'
[0.785s] Level 5:colcon.colcon_core.verb:set package 'carviz' build argument 'cmake_target_skip_unavailable' from command line to 'False'
[0.786s] Level 5:colcon.colcon_core.verb:set package 'carviz' build argument 'cmake_clean_cache' from command line to 'False'
[0.786s] Level 5:colcon.colcon_core.verb:set package 'carviz' build argument 'cmake_clean_first' from command line to 'False'
[0.786s] Level 5:colcon.colcon_core.verb:set package 'carviz' build argument 'cmake_force_configure' from command line to 'False'
[0.787s] Level 5:colcon.colcon_core.verb:set package 'carviz' build argument 'ament_cmake_args' from command line to 'None'
[0.787s] Level 5:colcon.colcon_core.verb:set package 'carviz' build argument 'catkin_cmake_args' from command line to 'None'
[0.788s] Level 5:colcon.colcon_core.verb:set package 'carviz' build argument 'catkin_skip_building_tests' from command line to 'False'
[0.789s] DEBUG:colcon.colcon_core.verb:Building package 'carviz' with the following arguments: {'ament_cmake_args': None, 'build_base': '/home/pankhuri/Week13/carViz/build/carviz', 'catkin_cmake_args': None, 'catkin_skip_building_tests': False, 'cmake_args': ['-Drosversion:string=0'], 'cmake_clean_cache': False, 'cmake_clean_first': False, 'cmake_force_configure': False, 'cmake_target': None, 'cmake_target_skip_unavailable': False, 'install_base': '/home/pankhuri/Week13/carViz/install/carviz', 'merge_install': False, 'path': '/home/pankhuri/Week13/carViz', 'symlink_install': True, 'test_result_base': None}
[0.794s] INFO:colcon.colcon_core.executor:Executing jobs using 'parallel' executor
[0.795s] DEBUG:colcon.colcon_parallel_executor.executor.parallel:run_until_complete
[0.796s] INFO:colcon.colcon_ros.task.ament_cmake.build:Building ROS package in '/home/pankhuri/Week13/carViz' with build type 'ament_cmake'
[0.811s] INFO:colcon.colcon_core.plugin_system:Skipping extension 'colcon_core.shell.bat': Not used on non-Windows systems
[0.812s] INFO:colcon.colcon_cmake.task.cmake.build:Building CMake package in '/home/pankhuri/Week13/carViz'
[0.813s] INFO:colcon.colcon_core.shell:Skip shell extension 'powershell' for command environment: Not usable outside of PowerShell
[0.854s] DEBUG:colcon.colcon_core.event_handler.log_command:Invoking command in '/home/pankhuri/Week13/carViz/build/carviz': /usr/bin/cmake --build /home/pankhuri/Week13/carViz/build/carviz -- -j4 -l4
[22.140s] DEBUG:colcon.colcon_core.event_handler.log_command:Invoked command in '/home/pankhuri/Week13/carViz/build/carviz' returned '0': /usr/bin/cmake --build /home/pankhuri/Week13/carViz/build/carviz -- -j4 -l4
[22.221s] DEBUG:colcon.colcon_core.event_handler.log_command:Invoking command in '/home/pankhuri/Week13/carViz/build/carviz': /usr/bin/cmake --build /home/pankhuri/Week13/carViz/build/carviz --target install
[22.506s] Level 1:colcon.colcon_core.environment:create_environment_scripts_only(carviz)
[22.508s] DEBUG:colcon.colcon_core.event_handler.log_command:Invoked command in '/home/pankhuri/Week13/carViz/build/carviz' returned '0': /usr/bin/cmake --build /home/pankhuri/Week13/carViz/build/carviz --target install
[22.567s] Level 1:colcon.colcon_core.environment:checking '/home/pankhuri/Week13/carViz/install/carviz' for CMake module files
[22.570s] Level 1:colcon.colcon_core.environment:checking '/home/pankhuri/Week13/carViz/install/carviz' for CMake config files
[22.576s] Level 1:colcon.colcon_core.environment:checking '/home/pankhuri/Week13/carViz/install/carviz/bin'
[22.576s] Level 1:colcon.colcon_core.shell:create_environment_hook('carviz', 'path')
[22.579s] INFO:colcon.colcon_core.shell:Creating environment hook '/home/pankhuri/Week13/carViz/install/carviz/share/carviz/hook/path.ps1'
[22.610s] INFO:colcon.colcon_core.shell:Creating environment hook '/home/pankhuri/Week13/carViz/install/carviz/share/carviz/hook/path.sh'
[22.626s] Level 1:colcon.colcon_core.environment:checking '/home/pankhuri/Week13/carViz/install/carviz/lib/pkgconfig/carviz.pc'
[22.627s] Level 1:colcon.colcon_core.environment:checking '/home/pankhuri/Week13/carViz/install/carviz/lib/python3.6/site-packages'
[22.631s] INFO:colcon.colcon_core.shell:Creating package script '/home/pankhuri/Week13/carViz/install/carviz/share/carviz/package.ps1'
[22.638s] INFO:colcon.colcon_core.shell:Creating package script '/home/pankhuri/Week13/carViz/install/carviz/share/carviz/package.sh'
[22.644s] INFO:colcon.colcon_core.shell:Creating package script '/home/pankhuri/Week13/carViz/install/carviz/share/carviz/package.bash'
[22.671s] INFO:colcon.colcon_core.shell:Creating package script '/home/pankhuri/Week13/carViz/install/carviz/share/carviz/package.zsh'
[22.686s] Level 1:colcon.colcon_core.environment:create_file_with_runtime_dependencies(/home/pankhuri/Week13/carViz/install/carviz/share/colcon-core/packages/carviz)
[22.689s] DEBUG:colcon.colcon_parallel_executor.executor.parallel:closing loop
[22.691s] DEBUG:colcon.colcon_parallel_executor.executor.parallel:loop closed
[22.691s] DEBUG:colcon.colcon_parallel_executor.executor.parallel:run_until_complete finished with '0'
[22.692s] DEBUG:colcon.colcon_core.event_reactor:joining thread
[22.708s] INFO:colcon.colcon_core.plugin_system:Skipping extension 'colcon_notification.desktop_notification.terminal_notifier': Not used on non-Darwin systems
[22.708s] INFO:colcon.colcon_core.plugin_system:Skipping extension 'colcon_notification.desktop_notification.win32': Not used on non-Windows systems
[22.709s] INFO:colcon.colcon_notification.desktop_notification:Sending desktop notification using 'notify2'
[22.714s] DEBUG:colcon.colcon_core.event_reactor:joined thread
[22.716s] INFO:colcon.colcon_core.shell:Creating prefix script '/home/pankhuri/Week13/carViz/install/local_setup.ps1'
[22.719s] INFO:colcon.colcon_core.shell:Creating prefix chain script '/home/pankhuri/Week13/carViz/install/setup.ps1'
[22.728s] INFO:colcon.colcon_core.shell:Creating prefix script '/home/pankhuri/Week13/carViz/install/local_setup.sh'
[22.731s] INFO:colcon.colcon_core.shell:Creating prefix chain script '/home/pankhuri/Week13/carViz/install/setup.sh'
[22.735s] INFO:colcon.colcon_core.shell:Creating prefix script '/home/pankhuri/Week13/carViz/install/local_setup.bash'
[22.737s] INFO:colcon.colcon_core.shell:Creating prefix chain script '/home/pankhuri/Week13/carViz/install/setup.bash'
[22.742s] INFO:colcon.colcon_core.shell:Creating prefix script '/home/pankhuri/Week13/carViz/install/local_setup.zsh'
[22.744s] INFO:colcon.colcon_core.shell:Creating prefix chain script '/home/pankhuri/Week13/carViz/install/setup.zsh'
