Determining if the pthread_create exist failed with the following output:
Change Dir: /home/pankhuri/Week13/carViz/build/carviz/CMakeFiles/CMakeTmp

Run Build Command:"/usr/bin/make" "cmTC_25baa/fast"
/usr/bin/make -f CMakeFiles/cmTC_25baa.dir/build.make CMakeFiles/cmTC_25baa.dir/build
make[1]: Entering directory '/home/pankhuri/Week13/carViz/build/carviz/CMakeFiles/CMakeTmp'
Building C object CMakeFiles/cmTC_25baa.dir/CheckSymbolExists.c.o
/usr/bin/cc    -o CMakeFiles/cmTC_25baa.dir/CheckSymbolExists.c.o   -c /home/pankhuri/Week13/carViz/build/carviz/CMakeFiles/CMakeTmp/CheckSymbolExists.c
Linking C executable cmTC_25baa
/usr/bin/cmake -E cmake_link_script CMakeFiles/cmTC_25baa.dir/link.txt --verbose=1
/usr/bin/cc      CMakeFiles/cmTC_25baa.dir/CheckSymbolExists.c.o  -o cmTC_25baa 
CMakeFiles/cmTC_25baa.dir/CheckSymbolExists.c.o: In function `main':
CheckSymbolExists.c:(.text+0x1b): undefined reference to `pthread_create'
collect2: error: ld returned 1 exit status
CMakeFiles/cmTC_25baa.dir/build.make:97: recipe for target 'cmTC_25baa' failed
make[1]: *** [cmTC_25baa] Error 1
make[1]: Leaving directory '/home/pankhuri/Week13/carViz/build/carviz/CMakeFiles/CMakeTmp'
Makefile:126: recipe for target 'cmTC_25baa/fast' failed
make: *** [cmTC_25baa/fast] Error 2

File /home/pankhuri/Week13/carViz/build/carviz/CMakeFiles/CMakeTmp/CheckSymbolExists.c:
/* */
#include <pthread.h>

int main(int argc, char** argv)
{
  (void)argv;
#ifndef pthread_create
  return ((int*)(&pthread_create))[argc];
#else
  (void)argc;
  return 0;
#endif
}

Determining if the function pthread_create exists in the pthreads failed with the following output:
Change Dir: /home/pankhuri/Week13/carViz/build/carviz/CMakeFiles/CMakeTmp

Run Build Command:"/usr/bin/make" "cmTC_60f81/fast"
/usr/bin/make -f CMakeFiles/cmTC_60f81.dir/build.make CMakeFiles/cmTC_60f81.dir/build
make[1]: Entering directory '/home/pankhuri/Week13/carViz/build/carviz/CMakeFiles/CMakeTmp'
Building C object CMakeFiles/cmTC_60f81.dir/CheckFunctionExists.c.o
/usr/bin/cc   -DCHECK_FUNCTION_EXISTS=pthread_create   -o CMakeFiles/cmTC_60f81.dir/CheckFunctionExists.c.o   -c /usr/share/cmake-3.10/Modules/CheckFunctionExists.c
Linking C executable cmTC_60f81
/usr/bin/cmake -E cmake_link_script CMakeFiles/cmTC_60f81.dir/link.txt --verbose=1
/usr/bin/cc  -DCHECK_FUNCTION_EXISTS=pthread_create    CMakeFiles/cmTC_60f81.dir/CheckFunctionExists.c.o  -o cmTC_60f81 -lpthreads 
/usr/bin/ld: cannot find -lpthreads
collect2: error: ld returned 1 exit status
CMakeFiles/cmTC_60f81.dir/build.make:97: recipe for target 'cmTC_60f81' failed
make[1]: *** [cmTC_60f81] Error 1
make[1]: Leaving directory '/home/pankhuri/Week13/carViz/build/carviz/CMakeFiles/CMakeTmp'
Makefile:126: recipe for target 'cmTC_60f81/fast' failed
make: *** [cmTC_60f81/fast] Error 2


