[1.145s] DEBUG:colcon:Command line arguments: ['/usr/bin/colcon', 'build', '--symlink-install', '--cmake-args', ' -Drosversion:string=0']
[1.145s] DEBUG:colcon:Parsed command line arguments: Namespace(ament_cmake_args=None, base_paths='.', build_base='build', catkin_cmake_args=None, catkin_skip_building_tests=False, cmake_args=['-Drosversion:string=0'], cmake_clean_cache=False, cmake_clean_first=False, cmake_force_configure=False, cmake_target=None, cmake_target_skip_unavailable=False, continue_on_error=False, event_handlers=None, executor='parallel', ignore_user_meta=False, install_base='install', log_base='log', log_level=None, main=<bound method BuildVerb.main of <colcon_core.verb.build.BuildVerb object at 0x7f218baf39b0>>, merge_install=False, metas='./colcon.meta', packages_above=None, packages_above_depth=None, packages_end=None, packages_ignore=None, packages_ignore_regex=None, packages_select=None, packages_select_build_failed=False, packages_select_by_dep=None, packages_select_regex=None, packages_select_test_failures=False, packages_skip=None, packages_skip_build_finished=False, packages_skip_by_dep=None, packages_skip_regex=None, packages_skip_test_passed=False, packages_skip_up_to=None, packages_start=None, packages_up_to=None, parallel_workers=4, paths=None, symlink_install=True, test_result_base=None, verb_extension=<colcon_core.verb.build.BuildVerb object at 0x7f218baf39b0>, verb_name='build', verb_parser=<colcon_defaults.argument_parser.defaults.DefaultArgumentsDecorator object at 0x7f218baf3be0>)
[1.353s] Level 1:colcon.colcon_core.package_discovery:discover_packages(colcon_meta) check parameters
[1.354s] Level 1:colcon.colcon_core.package_discovery:discover_packages(recursive) check parameters
[1.354s] Level 1:colcon.colcon_core.package_discovery:discover_packages(ignore) check parameters
[1.355s] Level 1:colcon.colcon_core.package_discovery:discover_packages(path) check parameters
[1.355s] Level 1:colcon.colcon_core.package_discovery:discover_packages(recursive) discover
[1.357s] INFO:colcon.colcon_core.package_discovery:Crawling recursively for packages in '/home/pankhuri/Week13/carViz'
[1.358s] Level 1:colcon.colcon_core.package_identification:_identify(/home/pankhuri/Week13/carViz) by extensions ['ignore', 'ignore_ament_install']
[1.359s] Level 1:colcon.colcon_core.package_identification:_identify(/home/pankhuri/Week13/carViz) by extension 'ignore'
[1.361s] Level 1:colcon.colcon_core.package_identification:_identify(/home/pankhuri/Week13/carViz) by extension 'ignore_ament_install'
[1.361s] Level 1:colcon.colcon_core.package_identification:_identify(/home/pankhuri/Week13/carViz) by extensions ['colcon_pkg']
[1.362s] Level 1:colcon.colcon_core.package_identification:_identify(/home/pankhuri/Week13/carViz) by extension 'colcon_pkg'
[1.363s] Level 1:colcon.colcon_core.package_identification:_identify(/home/pankhuri/Week13/carViz) by extensions ['colcon_meta']
[1.365s] Level 1:colcon.colcon_core.package_identification:_identify(/home/pankhuri/Week13/carViz) by extension 'colcon_meta'
[1.366s] Level 1:colcon.colcon_core.package_identification:_identify(/home/pankhuri/Week13/carViz) by extensions ['ros']
[1.368s] Level 1:colcon.colcon_core.package_identification:_identify(/home/pankhuri/Week13/carViz) by extension 'ros'
[1.478s] DEBUG:colcon.colcon_core.package_identification:Package '/home/pankhuri/Week13/carViz' with type 'ros.ament_cmake' and name 'carviz'
[1.481s] Level 1:colcon.colcon_core.package_discovery:discover_packages(recursive) using defaults
[1.519s] Level 5:colcon.colcon_core.verb:set package 'carviz' build argument 'cmake_args' from command line to '['-Drosversion:string=0']'
[1.519s] Level 5:colcon.colcon_core.verb:set package 'carviz' build argument 'cmake_target' from command line to 'None'
[1.519s] Level 5:colcon.colcon_core.verb:set package 'carviz' build argument 'cmake_target_skip_unavailable' from command line to 'False'
[1.520s] Level 5:colcon.colcon_core.verb:set package 'carviz' build argument 'cmake_clean_cache' from command line to 'False'
[1.527s] Level 5:colcon.colcon_core.verb:set package 'carviz' build argument 'cmake_clean_first' from command line to 'False'
[1.528s] Level 5:colcon.colcon_core.verb:set package 'carviz' build argument 'cmake_force_configure' from command line to 'False'
[1.529s] Level 5:colcon.colcon_core.verb:set package 'carviz' build argument 'ament_cmake_args' from command line to 'None'
[1.529s] Level 5:colcon.colcon_core.verb:set package 'carviz' build argument 'catkin_cmake_args' from command line to 'None'
[1.530s] Level 5:colcon.colcon_core.verb:set package 'carviz' build argument 'catkin_skip_building_tests' from command line to 'False'
[1.530s] DEBUG:colcon.colcon_core.verb:Building package 'carviz' with the following arguments: {'ament_cmake_args': None, 'build_base': '/home/pankhuri/Week13/carViz/build/carviz', 'catkin_cmake_args': None, 'catkin_skip_building_tests': False, 'cmake_args': ['-Drosversion:string=0'], 'cmake_clean_cache': False, 'cmake_clean_first': False, 'cmake_force_configure': False, 'cmake_target': None, 'cmake_target_skip_unavailable': False, 'install_base': '/home/pankhuri/Week13/carViz/install/carviz', 'merge_install': False, 'path': '/home/pankhuri/Week13/carViz', 'symlink_install': True, 'test_result_base': None}
[1.538s] INFO:colcon.colcon_core.executor:Executing jobs using 'parallel' executor
[1.547s] DEBUG:colcon.colcon_parallel_executor.executor.parallel:run_until_complete
[1.550s] INFO:colcon.colcon_ros.task.ament_cmake.build:Building ROS package in '/home/pankhuri/Week13/carViz' with build type 'ament_cmake'
[1.571s] INFO:colcon.colcon_core.plugin_system:Skipping extension 'colcon_core.shell.bat': Not used on non-Windows systems
[1.572s] INFO:colcon.colcon_cmake.task.cmake.build:Building CMake package in '/home/pankhuri/Week13/carViz'
[1.579s] INFO:colcon.colcon_core.shell:Skip shell extension 'powershell' for command environment: Not usable outside of PowerShell
[1.623s] DEBUG:colcon.colcon_core.event_handler.log_command:Invoking command in '/home/pankhuri/Week13/carViz/build/carviz': /usr/bin/cmake --build /home/pankhuri/Week13/carViz/build/carviz -- -j4 -l4
[18.684s] DEBUG:colcon.colcon_core.event_handler.log_command:Invoked command in '/home/pankhuri/Week13/carViz/build/carviz' returned '2': /usr/bin/cmake --build /home/pankhuri/Week13/carViz/build/carviz -- -j4 -l4
[18.694s] DEBUG:colcon.colcon_parallel_executor.executor.parallel:closing loop
[18.694s] DEBUG:colcon.colcon_parallel_executor.executor.parallel:loop closed
[18.695s] DEBUG:colcon.colcon_parallel_executor.executor.parallel:run_until_complete finished with '2'
[18.695s] DEBUG:colcon.colcon_core.event_reactor:joining thread
[18.713s] INFO:colcon.colcon_core.plugin_system:Skipping extension 'colcon_notification.desktop_notification.terminal_notifier': Not used on non-Darwin systems
[18.714s] INFO:colcon.colcon_core.plugin_system:Skipping extension 'colcon_notification.desktop_notification.win32': Not used on non-Windows systems
[18.714s] INFO:colcon.colcon_notification.desktop_notification:Sending desktop notification using 'notify2'
[18.722s] DEBUG:colcon.colcon_core.event_reactor:joined thread
[18.724s] INFO:colcon.colcon_core.shell:Creating prefix script '/home/pankhuri/Week13/carViz/install/local_setup.ps1'
[18.726s] INFO:colcon.colcon_core.shell:Creating prefix chain script '/home/pankhuri/Week13/carViz/install/setup.ps1'
[18.734s] INFO:colcon.colcon_core.shell:Creating prefix script '/home/pankhuri/Week13/carViz/install/local_setup.sh'
[18.737s] INFO:colcon.colcon_core.shell:Creating prefix chain script '/home/pankhuri/Week13/carViz/install/setup.sh'
[18.746s] INFO:colcon.colcon_core.shell:Creating prefix script '/home/pankhuri/Week13/carViz/install/local_setup.bash'
[18.756s] INFO:colcon.colcon_core.shell:Creating prefix chain script '/home/pankhuri/Week13/carViz/install/setup.bash'
[18.761s] INFO:colcon.colcon_core.shell:Creating prefix script '/home/pankhuri/Week13/carViz/install/local_setup.zsh'
[18.768s] INFO:colcon.colcon_core.shell:Creating prefix chain script '/home/pankhuri/Week13/carViz/install/setup.zsh'
