[0.171s] DEBUG:colcon:Command line arguments: ['/usr/bin/colcon', 'build', '--symlink-install', '--cmake-args', ' -Drosversion:string=0']
[0.171s] DEBUG:colcon:Parsed command line arguments: Namespace(ament_cmake_args=None, base_paths='.', build_base='build', catkin_cmake_args=None, catkin_skip_building_tests=False, cmake_args=['-Drosversion:string=0'], cmake_clean_cache=False, cmake_clean_first=False, cmake_force_configure=False, cmake_target=None, cmake_target_skip_unavailable=False, continue_on_error=False, event_handlers=None, executor='parallel', ignore_user_meta=False, install_base='install', log_base='log', log_level=None, main=<bound method BuildVerb.main of <colcon_core.verb.build.BuildVerb object at 0x7fee34c65a20>>, merge_install=False, metas='./colcon.meta', packages_above=None, packages_above_depth=None, packages_end=None, packages_ignore=None, packages_ignore_regex=None, packages_select=None, packages_select_build_failed=False, packages_select_by_dep=None, packages_select_regex=None, packages_select_test_failures=False, packages_skip=None, packages_skip_build_finished=False, packages_skip_by_dep=None, packages_skip_regex=None, packages_skip_test_passed=False, packages_skip_up_to=None, packages_start=None, packages_up_to=None, parallel_workers=4, paths=None, symlink_install=True, test_result_base=None, verb_extension=<colcon_core.verb.build.BuildVerb object at 0x7fee34c65a20>, verb_name='build', verb_parser=<colcon_defaults.argument_parser.defaults.DefaultArgumentsDecorator object at 0x7fee34c65c50>)
[0.217s] Level 1:colcon.colcon_core.package_discovery:discover_packages(colcon_meta) check parameters
[0.217s] Level 1:colcon.colcon_core.package_discovery:discover_packages(recursive) check parameters
[0.217s] Level 1:colcon.colcon_core.package_discovery:discover_packages(ignore) check parameters
[0.217s] Level 1:colcon.colcon_core.package_discovery:discover_packages(path) check parameters
[0.217s] Level 1:colcon.colcon_core.package_discovery:discover_packages(recursive) discover
[0.218s] INFO:colcon.colcon_core.package_discovery:Crawling recursively for packages in '/home/pankhuri/Week13/carViz'
[0.218s] Level 1:colcon.colcon_core.package_identification:_identify(/home/pankhuri/Week13/carViz) by extensions ['ignore', 'ignore_ament_install']
[0.218s] Level 1:colcon.colcon_core.package_identification:_identify(/home/pankhuri/Week13/carViz) by extension 'ignore'
[0.218s] Level 1:colcon.colcon_core.package_identification:_identify(/home/pankhuri/Week13/carViz) by extension 'ignore_ament_install'
[0.219s] Level 1:colcon.colcon_core.package_identification:_identify(/home/pankhuri/Week13/carViz) by extensions ['colcon_pkg']
[0.219s] Level 1:colcon.colcon_core.package_identification:_identify(/home/pankhuri/Week13/carViz) by extension 'colcon_pkg'
[0.219s] Level 1:colcon.colcon_core.package_identification:_identify(/home/pankhuri/Week13/carViz) by extensions ['colcon_meta']
[0.219s] Level 1:colcon.colcon_core.package_identification:_identify(/home/pankhuri/Week13/carViz) by extension 'colcon_meta'
[0.219s] Level 1:colcon.colcon_core.package_identification:_identify(/home/pankhuri/Week13/carViz) by extensions ['ros']
[0.219s] Level 1:colcon.colcon_core.package_identification:_identify(/home/pankhuri/Week13/carViz) by extension 'ros'
[0.236s] DEBUG:colcon.colcon_core.package_identification:Package '/home/pankhuri/Week13/carViz' with type 'ros.ament_cmake' and name 'carviz'
[0.236s] Level 1:colcon.colcon_core.package_discovery:discover_packages(recursive) using defaults
[0.242s] Level 5:colcon.colcon_core.verb:set package 'carviz' build argument 'cmake_args' from command line to '['-Drosversion:string=0']'
[0.242s] Level 5:colcon.colcon_core.verb:set package 'carviz' build argument 'cmake_target' from command line to 'None'
[0.242s] Level 5:colcon.colcon_core.verb:set package 'carviz' build argument 'cmake_target_skip_unavailable' from command line to 'False'
[0.242s] Level 5:colcon.colcon_core.verb:set package 'carviz' build argument 'cmake_clean_cache' from command line to 'False'
[0.242s] Level 5:colcon.colcon_core.verb:set package 'carviz' build argument 'cmake_clean_first' from command line to 'False'
[0.243s] Level 5:colcon.colcon_core.verb:set package 'carviz' build argument 'cmake_force_configure' from command line to 'False'
[0.243s] Level 5:colcon.colcon_core.verb:set package 'carviz' build argument 'ament_cmake_args' from command line to 'None'
[0.243s] Level 5:colcon.colcon_core.verb:set package 'carviz' build argument 'catkin_cmake_args' from command line to 'None'
[0.243s] Level 5:colcon.colcon_core.verb:set package 'carviz' build argument 'catkin_skip_building_tests' from command line to 'False'
[0.243s] DEBUG:colcon.colcon_core.verb:Building package 'carviz' with the following arguments: {'ament_cmake_args': None, 'build_base': '/home/pankhuri/Week13/carViz/build/carviz', 'catkin_cmake_args': None, 'catkin_skip_building_tests': False, 'cmake_args': ['-Drosversion:string=0'], 'cmake_clean_cache': False, 'cmake_clean_first': False, 'cmake_force_configure': False, 'cmake_target': None, 'cmake_target_skip_unavailable': False, 'install_base': '/home/pankhuri/Week13/carViz/install/carviz', 'merge_install': False, 'path': '/home/pankhuri/Week13/carViz', 'symlink_install': True, 'test_result_base': None}
[0.244s] INFO:colcon.colcon_core.executor:Executing jobs using 'parallel' executor
[0.245s] DEBUG:colcon.colcon_parallel_executor.executor.parallel:run_until_complete
[0.246s] INFO:colcon.colcon_ros.task.ament_cmake.build:Building ROS package in '/home/pankhuri/Week13/carViz' with build type 'ament_cmake'
[0.251s] INFO:colcon.colcon_core.plugin_system:Skipping extension 'colcon_core.shell.bat': Not used on non-Windows systems
[0.252s] INFO:colcon.colcon_cmake.task.cmake.build:Building CMake package in '/home/pankhuri/Week13/carViz'
[0.252s] INFO:colcon.colcon_core.shell:Skip shell extension 'powershell' for command environment: Not usable outside of PowerShell
[0.278s] DEBUG:colcon.colcon_core.event_handler.log_command:Invoking command in '/home/pankhuri/Week13/carViz/build/carviz': /usr/bin/cmake --build /home/pankhuri/Week13/carViz/build/carviz -- -j4 -l4
[9.791s] DEBUG:colcon.colcon_core.event_handler.log_command:Invoked command in '/home/pankhuri/Week13/carViz/build/carviz' returned '0': /usr/bin/cmake --build /home/pankhuri/Week13/carViz/build/carviz -- -j4 -l4
[9.872s] DEBUG:colcon.colcon_core.event_handler.log_command:Invoking command in '/home/pankhuri/Week13/carViz/build/carviz': /usr/bin/cmake --build /home/pankhuri/Week13/carViz/build/carviz --target install
[10.194s] Level 1:colcon.colcon_core.environment:create_environment_scripts_only(carviz)
[10.197s] DEBUG:colcon.colcon_core.event_handler.log_command:Invoked command in '/home/pankhuri/Week13/carViz/build/carviz' returned '0': /usr/bin/cmake --build /home/pankhuri/Week13/carViz/build/carviz --target install
[10.320s] Level 1:colcon.colcon_core.environment:checking '/home/pankhuri/Week13/carViz/install/carviz' for CMake module files
[10.321s] Level 1:colcon.colcon_core.environment:checking '/home/pankhuri/Week13/carViz/install/carviz' for CMake config files
[10.323s] Level 1:colcon.colcon_core.environment:checking '/home/pankhuri/Week13/carViz/install/carviz/bin'
[10.324s] Level 1:colcon.colcon_core.shell:create_environment_hook('carviz', 'path')
[10.325s] INFO:colcon.colcon_core.shell:Creating environment hook '/home/pankhuri/Week13/carViz/install/carviz/share/carviz/hook/path.ps1'
[10.344s] INFO:colcon.colcon_core.shell:Creating environment hook '/home/pankhuri/Week13/carViz/install/carviz/share/carviz/hook/path.sh'
[10.356s] Level 1:colcon.colcon_core.environment:checking '/home/pankhuri/Week13/carViz/install/carviz/lib/pkgconfig/carviz.pc'
[10.357s] Level 1:colcon.colcon_core.environment:checking '/home/pankhuri/Week13/carViz/install/carviz/lib/python3.6/site-packages'
[10.358s] INFO:colcon.colcon_core.shell:Creating package script '/home/pankhuri/Week13/carViz/install/carviz/share/carviz/package.ps1'
[10.360s] INFO:colcon.colcon_core.shell:Creating package script '/home/pankhuri/Week13/carViz/install/carviz/share/carviz/package.sh'
[10.362s] INFO:colcon.colcon_core.shell:Creating package script '/home/pankhuri/Week13/carViz/install/carviz/share/carviz/package.bash'
[10.380s] INFO:colcon.colcon_core.shell:Creating package script '/home/pankhuri/Week13/carViz/install/carviz/share/carviz/package.zsh'
[10.385s] Level 1:colcon.colcon_core.environment:create_file_with_runtime_dependencies(/home/pankhuri/Week13/carViz/install/carviz/share/colcon-core/packages/carviz)
[10.386s] DEBUG:colcon.colcon_parallel_executor.executor.parallel:closing loop
[10.387s] DEBUG:colcon.colcon_parallel_executor.executor.parallel:loop closed
[10.387s] DEBUG:colcon.colcon_parallel_executor.executor.parallel:run_until_complete finished with '0'
[10.388s] DEBUG:colcon.colcon_core.event_reactor:joining thread
[10.399s] INFO:colcon.colcon_core.plugin_system:Skipping extension 'colcon_notification.desktop_notification.terminal_notifier': Not used on non-Darwin systems
[10.399s] INFO:colcon.colcon_core.plugin_system:Skipping extension 'colcon_notification.desktop_notification.win32': Not used on non-Windows systems
[10.400s] INFO:colcon.colcon_notification.desktop_notification:Sending desktop notification using 'notify2'
[10.411s] DEBUG:colcon.colcon_core.event_reactor:joined thread
[10.413s] INFO:colcon.colcon_core.shell:Creating prefix script '/home/pankhuri/Week13/carViz/install/local_setup.ps1'
[10.416s] INFO:colcon.colcon_core.shell:Creating prefix chain script '/home/pankhuri/Week13/carViz/install/setup.ps1'
[10.424s] INFO:colcon.colcon_core.shell:Creating prefix script '/home/pankhuri/Week13/carViz/install/local_setup.sh'
[10.433s] INFO:colcon.colcon_core.shell:Creating prefix chain script '/home/pankhuri/Week13/carViz/install/setup.sh'
[10.441s] INFO:colcon.colcon_core.shell:Creating prefix script '/home/pankhuri/Week13/carViz/install/local_setup.bash'
[10.445s] INFO:colcon.colcon_core.shell:Creating prefix chain script '/home/pankhuri/Week13/carViz/install/setup.bash'
[10.450s] INFO:colcon.colcon_core.shell:Creating prefix script '/home/pankhuri/Week13/carViz/install/local_setup.zsh'
[10.451s] INFO:colcon.colcon_core.shell:Creating prefix chain script '/home/pankhuri/Week13/carViz/install/setup.zsh'
