-- The C compiler identification is GNU 7.4.0
-- The CXX compiler identification is GNU 7.4.0
-- Check for working C compiler: /usr/bin/cc
-- Check for working C compiler: /usr/bin/cc -- works
-- Detecting C compiler ABI info
-- Detecting C compiler ABI info - done
-- Detecting C compile features
-- Detecting C compile features - done
-- Check for working CXX compiler: /usr/bin/c++
-- Check for working CXX compiler: /usr/bin/c++ -- works
-- Detecting CXX compiler ABI info
-- Detecting CXX compiler ABI info - done
-- Detecting CXX compile features
-- Detecting CXX compile features - done
-- Found ament_cmake: 0.7.3 (/opt/ros/dashing/share/ament_cmake/cmake)
-- Found PythonInterp: /usr/bin/python3 (found suitable version "3.6.8", minimum required is "3") 
-- Using PYTHON_EXECUTABLE: /usr/bin/python3
-- Override CMake install command with custom implementation using symlinks instead of copying resources
-- Found rclcpp: 0.7.5 (/opt/ros/dashing/share/rclcpp/cmake)
-- Found rmw_implementation_cmake: 0.7.1 (/opt/ros/dashing/share/rmw_implementation_cmake/cmake)
-- Looking for pthread.h
-- Looking for pthread.h - found
-- Looking for pthread_create
-- Looking for pthread_create - not found
-- Looking for pthread_create in pthreads
-- Looking for pthread_create in pthreads - not found
-- Looking for pthread_create in pthread
-- Looking for pthread_create in pthread - found
-- Found Threads: TRUE  
-- Found rosidl_adapter: 0.7.3 (/opt/ros/dashing/share/rosidl_adapter/cmake)
-- Found sensor_msgs: 0.7.0 (/opt/ros/dashing/share/sensor_msgs/cmake)
-- Found image_transport: 2.1.1 (/opt/ros/dashing/share/image_transport/cmake)
-- Found poco_vendor:  (/opt/ros/dashing/share/poco_vendor/cmake)
-- Found OpenCV: /usr (found version "3.2.0") 
-- Found cv_bridge: 2.1.2 (/opt/ros/dashing/share/cv_bridge/cmake)
-- Boost version: 1.65.1
-- Found the following Boost libraries:
--   system
-- Configuring done
-- Generating done
-- Build files have been written to: /home/pankhuri/Week13/carViz/build/carviz
[35m[1mScanning dependencies of target carViz_autogen[0m
[  4%] [34m[1mAutomatic MOC for target carViz[0m
[  4%] Built target carViz_autogen
[35m[1mScanning dependencies of target carViz[0m
[  8%] [32mBuilding CXX object CMakeFiles/carViz.dir/robot/actuators.cpp.o[0m
[ 12%] [32mBuilding CXX object CMakeFiles/carViz.dir/main.cpp.o[0m
[ 16%] [32mBuilding CXX object CMakeFiles/carViz.dir/robot/robot.cpp.o[0m
[ 20%] [32mBuilding CXX object CMakeFiles/carViz.dir/robot/sensors.cpp.o[0m
CMakeFiles/carViz.dir/build.make:86: recipe for target 'CMakeFiles/carViz.dir/robot/actuators.cpp.o' failed
CMakeFiles/carViz.dir/build.make:134: recipe for target 'CMakeFiles/carViz.dir/robot/sensors.cpp.o' failed
CMakeFiles/carViz.dir/build.make:110: recipe for target 'CMakeFiles/carViz.dir/robot/robot.cpp.o' failed
CMakeFiles/carViz.dir/build.make:62: recipe for target 'CMakeFiles/carViz.dir/main.cpp.o' failed
CMakeFiles/Makefile2:67: recipe for target 'CMakeFiles/carViz.dir/all' failed
Makefile:140: recipe for target 'all' failed
