[01m[K/home/pankhuri/Week13/carViz/comm/ros2src/listenerLaserros2.cpp:[m[K In constructor ‘[01m[KComm::ListenerLaser::ListenerLaser(int, char**, std::__cxx11::string, std::__cxx11::string)[m[K’:
[01m[K/home/pankhuri/Week13/carViz/comm/ros2src/listenerLaserros2.cpp:6:35:[m[K [01;35m[Kwarning: [m[Kunused parameter ‘[01m[Kargc[m[K’ [[01;35m[K-Wunused-parameter[m[K]
  ListenerLaser::ListenerLaser(int [01;35m[Kargc[m[K, char** argv, std::string nodeName, std::string topic)
                                   [01;35m[K^~~~[m[K
[01m[K/home/pankhuri/Week13/carViz/comm/ros2src/listenerLaserros2.cpp:6:48:[m[K [01;35m[Kwarning: [m[Kunused parameter ‘[01m[Kargv[m[K’ [[01;35m[K-Wunused-parameter[m[K]
  ListenerLaser::ListenerLaser(int argc, char** [01;35m[Kargv[m[K, std::string nodeName, std::string topic)
                                                [01;35m[K^~~~[m[K
[01m[K/home/pankhuri/Week13/carViz/comm/ros2src/translatorsros2.cpp:[m[K In function ‘[01m[KJdeRobotTypes::LaserData Comm::translate_laser_messages(sensor_msgs::msg::LaserScan_<std::allocator<void> >::SharedPtr)[m[K’:
[01m[K/home/pankhuri/Week13/carViz/comm/ros2src/translatorsros2.cpp:88:3:[m[K [01;31m[Kerror: [m[Kexpected ‘[01m[K;[m[K’ before ‘[01m[Kreturn[m[K’
   [01;31m[Kreturn[m[K data;
   [01;31m[K^~~~~~[m[K
[01m[K/home/pankhuri/Week13/carViz/comm/ros2src/translatorsros2.cpp:90:2:[m[K [01;35m[Kwarning: [m[Kno return statement in function returning non-void [[01;35m[K-Wreturn-type[m[K]
  [01;35m[K}[m[K
  [01;35m[K^[m[K
[01m[K/home/pankhuri/Week13/carViz/comm/ros2src/translatorsros2.cpp:[m[K In function ‘[01m[KJdeRobotTypes::Pose3d Comm::translate_odometry_messages(nav_msgs::msg::Odometry_<std::allocator<void> >::SharedPtr)[m[K’:
[01m[K/home/pankhuri/Week13/carViz/comm/ros2src/translatorsros2.cpp:125:73:[m[K [01;31m[Kerror: [m[K‘[01m[Kusing _stamp_type = struct builtin_interfaces::msg::Time_<std::allocator<void> > {aka struct builtin_interfaces::msg::Time_<std::allocator<void> >}[m[K’ has no member named ‘[01m[Knsec[m[K’; did you mean ‘[01m[Ksec[m[K’?
   data.timeStamp = odom_msg->header.stamp.sec + (odom_msg->header.stamp.[01;31m[Knsec[m[K *1e-9);
                                                                         [01;31m[K^~~~[m[K
                                                                         [32m[Ksec[m[K
make[2]: *** [CMakeFiles/carViz.dir/comm/ros2src/translatorsros2.cpp.o] Error 1
make[1]: *** [CMakeFiles/carViz.dir/all] Error 2
make: *** [all] Error 2
