In file included from [01m[K/home/pankhuri/Week13/carViz/robot/../comm/laserClient.hpp:11:0[m[K,
                 from [01m[K/home/pankhuri/Week13/carViz/robot/sensors.h:15[m[K,
                 from [01m[K/home/pankhuri/Week13/carViz/main.cpp:2[m[K:
[01m[K/home/pankhuri/Week13/carViz/robot/../comm/ros2head/listenerLaserros2.hpp:9:8:[m[K [01;31m[Kerror: [m[Kredefinition of ‘[01m[Kclass Comm::ListenerLaser[m[K’
  class [01;31m[KListenerLaser[m[K: public rclcpp::Node, public Comm::LaserClient {
        [01;31m[K^~~~~~~~~~~~~[m[K
In file included from [01m[K/home/pankhuri/Week13/carViz/robot/../comm/laserClient.hpp:11:0[m[K,
                 from [01m[K/home/pankhuri/Week13/carViz/robot/sensors.h:15[m[K,
                 from [01m[K/home/pankhuri/Week13/carViz/robot/robot.h:6[m[K,
                 from [01m[K/home/pankhuri/Week13/carViz/main.cpp:1[m[K:
[01m[K/home/pankhuri/Week13/carViz/robot/../comm/ros2head/listenerLaserros2.hpp:9:8:[m[K [01;36m[Knote: [m[Kprevious definition of ‘[01m[Kclass Comm::ListenerLaser[m[K’
  class [01;36m[KListenerLaser[m[K: public rclcpp::Node, public Comm::LaserClient {
        [01;36m[K^~~~~~~~~~~~~[m[K
In file included from [01m[K/home/pankhuri/Week13/carViz/robot/../comm/pose3dClient.hpp:10:0[m[K,
                 from [01m[K/home/pankhuri/Week13/carViz/robot/sensors.h:17[m[K,
                 from [01m[K/home/pankhuri/Week13/carViz/main.cpp:2[m[K:
[01m[K/home/pankhuri/Week13/carViz/robot/../comm/ros2head/listenerPoseros2.hpp:9:8:[m[K [01;31m[Kerror: [m[Kredefinition of ‘[01m[Kclass Comm::ListenerPose[m[K’
  class [01;31m[KListenerPose[m[K: public rclcpp::Node, public Comm::Pose3dClient {
        [01;31m[K^~~~~~~~~~~~[m[K
In file included from [01m[K/home/pankhuri/Week13/carViz/robot/../comm/pose3dClient.hpp:10:0[m[K,
                 from [01m[K/home/pankhuri/Week13/carViz/robot/sensors.h:17[m[K,
                 from [01m[K/home/pankhuri/Week13/carViz/robot/robot.h:6[m[K,
                 from [01m[K/home/pankhuri/Week13/carViz/main.cpp:1[m[K:
[01m[K/home/pankhuri/Week13/carViz/robot/../comm/ros2head/listenerPoseros2.hpp:9:8:[m[K [01;36m[Knote: [m[Kprevious definition of ‘[01m[Kclass Comm::ListenerPose[m[K’
  class [01;36m[KListenerPose[m[K: public rclcpp::Node, public Comm::Pose3dClient {
        [01;36m[K^~~~~~~~~~~~[m[K
In file included from [01m[K/home/pankhuri/Week13/carViz/main.cpp:2:0[m[K:
[01m[K/home/pankhuri/Week13/carViz/robot/sensors.h:20:7:[m[K [01;31m[Kerror: [m[Kredefinition of ‘[01m[Kclass Sensors[m[K’
 class [01;31m[KSensors[m[K
       [01;31m[K^~~~~~~[m[K
In file included from [01m[K/home/pankhuri/Week13/carViz/robot/robot.h:6:0[m[K,
                 from [01m[K/home/pankhuri/Week13/carViz/main.cpp:1[m[K:
[01m[K/home/pankhuri/Week13/carViz/robot/sensors.h:20:7:[m[K [01;36m[Knote: [m[Kprevious definition of ‘[01m[Kclass Sensors[m[K’
 class [01;36m[KSensors[m[K
       [01;36m[K^~~~~~~[m[K
In file included from [01m[K/home/pankhuri/Week13/carViz/robot/../comm/motorsClient.hpp:6:0[m[K,
                 from [01m[K/home/pankhuri/Week13/carViz/robot/actuators.h:7[m[K,
                 from [01m[K/home/pankhuri/Week13/carViz/main.cpp:3[m[K:
[01m[K/home/pankhuri/Week13/carViz/robot/../comm/ros2head/publisherMotorsros2.hpp:9:8:[m[K [01;31m[Kerror: [m[Kredefinition of ‘[01m[Kclass Comm::PublisherMotors[m[K’
  class [01;31m[KPublisherMotors[m[K:public rclcpp::Node, public Comm::MotorsClient {
        [01;31m[K^~~~~~~~~~~~~~~[m[K
In file included from [01m[K/home/pankhuri/Week13/carViz/robot/../comm/motorsClient.hpp:6:0[m[K,
                 from [01m[K/home/pankhuri/Week13/carViz/robot/actuators.h:7[m[K,
                 from [01m[K/home/pankhuri/Week13/carViz/robot/robot.h:7[m[K,
                 from [01m[K/home/pankhuri/Week13/carViz/main.cpp:1[m[K:
[01m[K/home/pankhuri/Week13/carViz/robot/../comm/ros2head/publisherMotorsros2.hpp:9:8:[m[K [01;36m[Knote: [m[Kprevious definition of ‘[01m[Kclass Comm::PublisherMotors[m[K’
  class [01;36m[KPublisherMotors[m[K:public rclcpp::Node, public Comm::MotorsClient {
        [01;36m[K^~~~~~~~~~~~~~~[m[K
In file included from [01m[K/home/pankhuri/Week13/carViz/main.cpp:3:0[m[K:
[01m[K/home/pankhuri/Week13/carViz/robot/actuators.h:9:7:[m[K [01;31m[Kerror: [m[Kredefinition of ‘[01m[Kclass Actuators[m[K’
 class [01;31m[KActuators[m[K
       [01;31m[K^~~~~~~~~[m[K
In file included from [01m[K/home/pankhuri/Week13/carViz/robot/robot.h:7:0[m[K,
                 from [01m[K/home/pankhuri/Week13/carViz/main.cpp:1[m[K:
[01m[K/home/pankhuri/Week13/carViz/robot/actuators.h:9:7:[m[K [01;36m[Knote: [m[Kprevious definition of ‘[01m[Kclass Actuators[m[K’
 class [01;36m[KActuators[m[K
       [01;36m[K^~~~~~~~~[m[K
In file included from [01m[K/home/pankhuri/Week13/carViz/main.cpp:7:0[m[K:
[01m[K/home/pankhuri/Week13/carViz/config/config.h:[m[K In function ‘[01m[KConfig::Properties Config::load(int, char**)[m[K’:
[01m[K/home/pankhuri/Week13/carViz/config/config.h:18:29:[m[K [01;35m[Kwarning: [m[Kunused parameter ‘[01m[Kargc[m[K’ [[01;35m[K-Wunused-parameter[m[K]
 Config::Properties load(int [01;35m[Kargc[m[K, char* argv[])
                             [01;35m[K^~~~[m[K
[01m[K/home/pankhuri/Week13/carViz/main.cpp:[m[K In function ‘[01m[Kint main(int, char**)[m[K’:
[01m[K/home/pankhuri/Week13/carViz/main.cpp:59:9:[m[K [01;31m[Kerror: [m[K‘[01m[Kshared_ptr[m[K’ was not declared in this scope
         [01;31m[Kshared_ptr[m[K<Comm::ListenerCamera> ptr1((Comm::ListenerCamera*)Robot->Sensors->camera1);
         [01;31m[K^~~~~~~~~~[m[K
[01m[K/home/pankhuri/Week13/carViz/main.cpp:59:9:[m[K [01;36m[Knote: [m[Ksuggested alternatives:
In file included from [01m[K/usr/include/c++/7/bits/shared_ptr.h:52:0[m[K,
                 from [01m[K/usr/include/c++/7/memory:81[m[K,
                 from [01m[K/usr/include/yaml-cpp/parser.h:11[m[K,
                 from [01m[K/usr/include/yaml-cpp/yaml.h:10[m[K,
                 from [01m[K/home/pankhuri/Week13/carViz/robot/../comm/../config/properties.hpp:7[m[K,
                 from [01m[K/home/pankhuri/Week13/carViz/robot/../comm/communicator.hpp:3[m[K,
                 from [01m[K/home/pankhuri/Week13/carViz/robot/sensors.h:14[m[K,
                 from [01m[K/home/pankhuri/Week13/carViz/robot/robot.h:6[m[K,
                 from [01m[K/home/pankhuri/Week13/carViz/main.cpp:1[m[K:
[01m[K/usr/include/c++/7/bits/shared_ptr_base.h:347:11:[m[K [01;36m[Knote: [m[K  ‘[01m[Kstd::shared_ptr[m[K’
     class [01;36m[Kshared_ptr[m[K;
           [01;36m[K^~~~~~~~~~[m[K
In file included from [01m[K/usr/include/boost/throw_exception.hpp:42:0[m[K,
                 from [01m[K/usr/include/boost/smart_ptr/shared_ptr.hpp:27[m[K,
                 from [01m[K/usr/include/boost/shared_ptr.hpp:17[m[K,
                 from [01m[K/usr/include/yaml-cpp/node/ptr.h:11[m[K,
                 from [01m[K/usr/include/yaml-cpp/node/node.h:16[m[K,
                 from [01m[K/usr/include/yaml-cpp/yaml.h:16[m[K,
                 from [01m[K/home/pankhuri/Week13/carViz/robot/../comm/../config/properties.hpp:7[m[K,
                 from [01m[K/home/pankhuri/Week13/carViz/robot/../comm/communicator.hpp:3[m[K,
                 from [01m[K/home/pankhuri/Week13/carViz/robot/sensors.h:14[m[K,
                 from [01m[K/home/pankhuri/Week13/carViz/robot/robot.h:6[m[K,
                 from [01m[K/home/pankhuri/Week13/carViz/main.cpp:1[m[K:
[01m[K/usr/include/boost/exception/exception.hpp:19:44:[m[K [01;36m[Knote: [m[K  ‘[01m[Kboost::shared_ptr[m[K’
 namespace boost { template <class T> class [01;36m[Kshared_ptr[m[K; };
                                            [01;36m[K^~~~~~~~~~[m[K
[01m[K/usr/include/boost/exception/exception.hpp:19:44:[m[K [01;36m[Knote: [m[K  ‘[01m[Kboost::shared_ptr[m[K’
[01m[K/home/pankhuri/Week13/carViz/main.cpp:59:40:[m[K [01;31m[Kerror: [m[Kexpected primary-expression before ‘[01m[K>[m[K’ token
         shared_ptr<Comm::ListenerCamera[01;31m[K>[m[K ptr1((Comm::ListenerCamera*)Robot->Sensors->camera1);
                                        [01;31m[K^[m[K
[01m[K/home/pankhuri/Week13/carViz/main.cpp:59:75:[m[K [01;31m[Kerror: [m[Kexpected primary-expression before ‘[01m[K->[m[K’ token
         shared_ptr<Comm::ListenerCamera> ptr1((Comm::ListenerCamera*)Robot[01;31m[K->[m[KSensors->camera1);
                                                                           [01;31m[K^~[m[K
[01m[K/home/pankhuri/Week13/carViz/main.cpp:59:42:[m[K [01;31m[Kerror: [m[K‘[01m[Kptr1[m[K’ was not declared in this scope
         shared_ptr<Comm::ListenerCamera> [01;31m[Kptr1[m[K((Comm::ListenerCamera*)Robot->Sensors->camera1);
                                          [01;31m[K^~~~[m[K
[01m[K/home/pankhuri/Week13/carViz/main.cpp:62:38:[m[K [01;31m[Kerror: [m[Kexpected primary-expression before ‘[01m[K>[m[K’ token
         shared_ptr<Comm::ListenerPose[01;31m[K>[m[K ptr3((Comm::ListenerPose*)camRGB);
                                      [01;31m[K^[m[K
[01m[K/home/pankhuri/Week13/carViz/main.cpp:62:66:[m[K [01;31m[Kerror: [m[K‘[01m[KcamRGB[m[K’ was not declared in this scope
         shared_ptr<Comm::ListenerPose> ptr3((Comm::ListenerPose*)[01;31m[KcamRGB[m[K);
                                                                  [01;31m[K^~~~~~[m[K
[01m[K/home/pankhuri/Week13/carViz/main.cpp:62:66:[m[K [01;36m[Knote: [m[Ksuggested alternative: ‘[01m[KCV_RGB[m[K’
         shared_ptr<Comm::ListenerPose> ptr3((Comm::ListenerPose*)[01;36m[KcamRGB[m[K);
                                                                  [01;36m[K^~~~~~[m[K
                                                                  [32m[KCV_RGB[m[K
[01m[K/home/pankhuri/Week13/carViz/main.cpp:62:40:[m[K [01;31m[Kerror: [m[K‘[01m[Kptr3[m[K’ was not declared in this scope
         shared_ptr<Comm::ListenerPose> [01;31m[Kptr3[m[K((Comm::ListenerPose*)camRGB);
                                        [01;31m[K^~~~[m[K
[01m[K/home/pankhuri/Week13/carViz/main.cpp:64:41:[m[K [01;31m[Kerror: [m[Kexpected primary-expression before ‘[01m[K>[m[K’ token
         shared_ptr<Comm::PublisherMotors[01;31m[K>[m[K ptr4((Comm::PublisherMotors*)camRGB);
                                         [01;31m[K^[m[K
[01m[K/home/pankhuri/Week13/carViz/main.cpp:64:43:[m[K [01;31m[Kerror: [m[K‘[01m[Kptr4[m[K’ was not declared in this scope
         shared_ptr<Comm::PublisherMotors> [01;31m[Kptr4[m[K((Comm::PublisherMotors*)camRGB);
                                           [01;31m[K^~~~[m[K
[01m[K/home/pankhuri/Week13/carViz/main.cpp:68:23:[m[K [01;31m[Kerror: [m[K‘[01m[Kptr[m[K’ was not declared in this scope
         exec.add_node([01;31m[Kptr[m[K);
                       [01;31m[K^~~[m[K
[01m[K/home/pankhuri/Week13/carViz/main.cpp:68:23:[m[K [01;36m[Knote: [m[Ksuggested alternative: ‘[01m[Kputw[m[K’
         exec.add_node([01;36m[Kptr[m[K);
                       [01;36m[K^~~[m[K
                       [32m[Kputw[m[K
make[2]: *** [CMakeFiles/carViz.dir/main.cpp.o] Error 1
make[1]: *** [CMakeFiles/carViz.dir/all] Error 2
make: *** [all] Error 2
