[  4%] [34m[1mAutomatic MOC for target carViz[0m
[  4%] Built target carViz_autogen
[35m[1mScanning dependencies of target carViz[0m
[  8%] [32mBuilding CXX object CMakeFiles/carViz.dir/comm/ros2src/publisherMotorsros2.cpp.o[0m
[01m[K/home/pankhuri/Week13/carViz/comm/ros2src/publisherMotorsros2.cpp:[m[K In constructor ‘[01m[KComm::PublisherMotors::PublisherMotors(int, char**, std::__cxx11::string, std::__cxx11::string)[m[K’:
[01m[K/home/pankhuri/Week13/carViz/comm/ros2src/publisherMotorsros2.cpp:7:39:[m[K [01;35m[Kwarning: [m[Kunused parameter ‘[01m[Kargc[m[K’ [[01;35m[K-Wunused-parameter[m[K]
  PublisherMotors::PublisherMotors(int [01;35m[Kargc[m[K, char** argv, std::string nodeName, std::string topic)
                                       [01;35m[K^~~~[m[K
[01m[K/home/pankhuri/Week13/carViz/comm/ros2src/publisherMotorsros2.cpp:7:52:[m[K [01;35m[Kwarning: [m[Kunused parameter ‘[01m[Kargv[m[K’ [[01;35m[K-Wunused-parameter[m[K]
  PublisherMotors::PublisherMotors(int argc, char** [01;35m[Kargv[m[K, std::string nodeName, std::string topic)
                                                    [01;35m[K^~~~[m[K
[ 12%] [32m[1mLinking CXX executable carViz[0m
[100%] Built target carViz
[  4%] [34m[1mAutomatic MOC for target carViz[0m
[  4%] Built target carViz_autogen
[100%] Built target carViz
[36mInstall the project...[0m
-- Install configuration: "Debug"
-- Execute custom install script
-- Installing: /home/pankhuri/Week13/carViz/install/carviz/bin/carViz
-- Set runtime path of "/home/pankhuri/Week13/carViz/install/carviz/bin/carViz" to ""
-- Up-to-date: /home/pankhuri/Week13/carViz/install/carviz/share/jderobot/conf/carViz.yml
