[  4%] [34m[1mAutomatic MOC for target carViz[0m
[  4%] Built target carViz_autogen
[35m[1mScanning dependencies of target carViz[0m
[  8%] [32mBuilding CXX object CMakeFiles/carViz.dir/comm/motorsClient.cpp.o[0m
[ 12%] [32mBuilding CXX object CMakeFiles/carViz.dir/config/loader.cpp.o[0m
[ 16%] [32mBuilding CXX object CMakeFiles/carViz.dir/comm/laserClient.cpp.o[0m
[ 20%] [32mBuilding CXX object CMakeFiles/carViz.dir/comm/cameraClient.cpp.o[0m
[ 25%] [32mBuilding CXX object CMakeFiles/carViz.dir/comm/pose3dClient.cpp.o[0m
[01m[K/home/pankhuri/Week13/carViz/comm/cameraClient.cpp:[m[K In function ‘[01m[KComm::CameraClient* Comm::getCameraClient(Comm::Communicator*, std::__cxx11::string)[m[K’:
[01m[K/home/pankhuri/Week13/carViz/comm/cameraClient.cpp:68:18:[m[K [01;31m[Kerror: [m[Ktoo few arguments to function ‘[01m[Kvoid rclcpp::init(int, const char* const*, const rclcpp::InitOptions&)[m[K’
     rclcpp::init([01;31m[K)[m[K;
                  [01;31m[K^[m[K
In file included from [01m[K/opt/ros/dashing/include/rclcpp/client.hpp:35:0[m[K,
                 from [01m[K/opt/ros/dashing/include/rclcpp/callback_group.hpp:23[m[K,
                 from [01m[K/opt/ros/dashing/include/rclcpp/any_executable.hpp:20[m[K,
                 from [01m[K/opt/ros/dashing/include/rclcpp/memory_strategy.hpp:24[m[K,
                 from [01m[K/opt/ros/dashing/include/rclcpp/memory_strategies.hpp:18[m[K,
                 from [01m[K/opt/ros/dashing/include/rclcpp/executor.hpp:32[m[K,
                 from [01m[K/opt/ros/dashing/include/rclcpp/executors/multi_threaded_executor.hpp:24[m[K,
                 from [01m[K/opt/ros/dashing/include/rclcpp/executors.hpp:21[m[K,
                 from [01m[K/opt/ros/dashing/include/rclcpp/rclcpp.hpp:144[m[K,
                 from [01m[K/home/pankhuri/Week13/carViz/comm/ros2head/listenerCameraros2.hpp:3[m[K,
                 from [01m[K/home/pankhuri/Week13/carViz/comm/cameraClient.hpp:13[m[K,
                 from [01m[K/home/pankhuri/Week13/carViz/comm/cameraClient.cpp:19[m[K:
[01m[K/opt/ros/dashing/include/rclcpp/utilities.hpp:56:1:[m[K [01;36m[Knote: [m[Kdeclared here
 [01;36m[Kinit[m[K(int argc, char const * const argv[], const InitOptions & init_options = InitOptions());
 [01;36m[K^~~~[m[K
[01m[K/home/pankhuri/Week13/carViz/comm/motorsClient.cpp:[m[K In function ‘[01m[KComm::MotorsClient* Comm::getMotorsClient(Comm::Communicator*, std::__cxx11::string)[m[K’:
[01m[K/home/pankhuri/Week13/carViz/comm/motorsClient.cpp:46:21:[m[K [01;31m[Kerror: [m[K‘[01m[Kargc[m[K’ was not declared in this scope
        rclcpp::init([01;31m[Kargc[m[K, argv);
                     [01;31m[K^~~~[m[K
[01m[K/home/pankhuri/Week13/carViz/comm/motorsClient.cpp:46:21:[m[K [01;36m[Knote: [m[Ksuggested alternative: ‘[01m[Kerfc[m[K’
        rclcpp::init([01;36m[Kargc[m[K, argv);
                     [01;36m[K^~~~[m[K
                     [32m[Kerfc[m[K
[01m[K/home/pankhuri/Week13/carViz/comm/motorsClient.cpp:46:27:[m[K [01;31m[Kerror: [m[K‘[01m[Kargv[m[K’ was not declared in this scope
        rclcpp::init(argc, [01;31m[Kargv[m[K);
                           [01;31m[K^~~~[m[K
[01m[K/home/pankhuri/Week13/carViz/comm/laserClient.cpp:[m[K In function ‘[01m[KComm::LaserClient* Comm::getLaserClient(Comm::Communicator*, std::__cxx11::string)[m[K’:
[01m[K/home/pankhuri/Week13/carViz/comm/laserClient.cpp:47:18:[m[K [01;31m[Kerror: [m[K‘[01m[Kargc[m[K’ was not declared in this scope
     rclcpp::init([01;31m[Kargc[m[K, argv);
                  [01;31m[K^~~~[m[K
[01m[K/home/pankhuri/Week13/carViz/comm/laserClient.cpp:47:18:[m[K [01;36m[Knote: [m[Ksuggested alternative: ‘[01m[Kerfc[m[K’
     rclcpp::init([01;36m[Kargc[m[K, argv);
                  [01;36m[K^~~~[m[K
                  [32m[Kerfc[m[K
[01m[K/home/pankhuri/Week13/carViz/comm/laserClient.cpp:47:24:[m[K [01;31m[Kerror: [m[K‘[01m[Kargv[m[K’ was not declared in this scope
     rclcpp::init(argc, [01;31m[Kargv[m[K);
                        [01;31m[K^~~~[m[K
[01m[K/home/pankhuri/Week13/carViz/comm/laserClient.cpp:50:15:[m[K [01;31m[Kerror: [m[K‘[01m[Kcomm[m[K’ has not been declared
     client = ([01;31m[Kcomm[m[K::LaserClient*) lc2;
               [01;31m[K^~~~[m[K
[01m[K/home/pankhuri/Week13/carViz/comm/laserClient.cpp:50:33:[m[K [01;31m[Kerror: [m[Kexpected primary-expression before ‘[01m[K)[m[K’ token
     client = (comm::LaserClient*[01;31m[K)[m[K lc2;
                                 [01;31m[K^[m[K
CMakeFiles/carViz.dir/build.make:326: recipe for target 'CMakeFiles/carViz.dir/comm/cameraClient.cpp.o' failed
make[2]: *** [CMakeFiles/carViz.dir/comm/cameraClient.cpp.o] Error 1
make[2]: *** Waiting for unfinished jobs....
CMakeFiles/carViz.dir/build.make:398: recipe for target 'CMakeFiles/carViz.dir/comm/motorsClient.cpp.o' failed
make[2]: *** [CMakeFiles/carViz.dir/comm/motorsClient.cpp.o] Error 1
make[2]: *** [CMakeFiles/carViz.dir/comm/laserClient.cpp.o] Error 1
CMakeFiles/carViz.dir/build.make:374: recipe for target 'CMakeFiles/carViz.dir/comm/laserClient.cpp.o' failed
[01m[K/home/pankhuri/Week13/carViz/comm/pose3dClient.cpp:[m[K In function ‘[01m[KComm::Pose3dClient* Comm::getPose3dClient(Comm::Communicator*, std::__cxx11::string)[m[K’:
[01m[K/home/pankhuri/Week13/carViz/comm/pose3dClient.cpp:50:18:[m[K [01;31m[Kerror: [m[K‘[01m[Kargc[m[K’ was not declared in this scope
     rclcpp::init([01;31m[Kargc[m[K, argv);
                  [01;31m[K^~~~[m[K
[01m[K/home/pankhuri/Week13/carViz/comm/pose3dClient.cpp:50:18:[m[K [01;36m[Knote: [m[Ksuggested alternative: ‘[01m[Kerfc[m[K’
     rclcpp::init([01;36m[Kargc[m[K, argv);
                  [01;36m[K^~~~[m[K
                  [32m[Kerfc[m[K
[01m[K/home/pankhuri/Week13/carViz/comm/pose3dClient.cpp:50:24:[m[K [01;31m[Kerror: [m[K‘[01m[Kargv[m[K’ was not declared in this scope
     rclcpp::init(argc, [01;31m[Kargv[m[K);
                        [01;31m[K^~~~[m[K
CMakeFiles/carViz.dir/build.make:422: recipe for target 'CMakeFiles/carViz.dir/comm/pose3dClient.cpp.o' failed
make[2]: *** [CMakeFiles/carViz.dir/comm/pose3dClient.cpp.o] Error 1
CMakeFiles/Makefile2:67: recipe for target 'CMakeFiles/carViz.dir/all' failed
make[1]: *** [CMakeFiles/carViz.dir/all] Error 2
Makefile:140: recipe for target 'all' failed
make: *** [all] Error 2
