Invoking command in '/home/pankhuri/Week13/carViz/build/carviz': /usr/bin/cmake --build /home/pankhuri/Week13/carViz/build/carviz -- -j4 -l4
THIS IS ROS2
-- Found ament_cmake: 0.7.3 (/opt/ros/dashing/share/ament_cmake/cmake)
-- Using PYTHON_EXECUTABLE: /usr/bin/python3
-- Override CMake install command with custom implementation using symlinks instead of copying resources
-- Found rclcpp: 0.7.5 (/opt/ros/dashing/share/rclcpp/cmake)
-- Found rmw_implementation_cmake: 0.7.1 (/opt/ros/dashing/share/rmw_implementation_cmake/cmake)
-- Found rosidl_adapter: 0.7.3 (/opt/ros/dashing/share/rosidl_adapter/cmake)
-- Found sensor_msgs: 0.7.0 (/opt/ros/dashing/share/sensor_msgs/cmake)
-- Found image_transport: 2.1.1 (/opt/ros/dashing/share/image_transport/cmake)
-- Found poco_vendor:  (/opt/ros/dashing/share/poco_vendor/cmake)
-- Found nav_msgs: 0.7.0 (/opt/ros/dashing/share/nav_msgs/cmake)
-- Found cv_bridge: 2.1.2 (/opt/ros/dashing/share/cv_bridge/cmake)
-- Boost version: 1.65.1
-- Found the following Boost libraries:
--   system
ROS2 found
-- Configuring done
-- Generating done
-- Build files have been written to: /home/pankhuri/Week13/carViz/build/carviz
[  4%] [34m[1mAutomatic MOC for target carViz[0m
[  4%] Built target carViz_autogen
[  8%] [32m[1mLinking CXX executable carViz[0m
[100%] Built target carViz
Invoked command in '/home/pankhuri/Week13/carViz/build/carviz' returned '0': /usr/bin/cmake --build /home/pankhuri/Week13/carViz/build/carviz -- -j4 -l4
Invoking command in '/home/pankhuri/Week13/carViz/build/carviz': /usr/bin/cmake --build /home/pankhuri/Week13/carViz/build/carviz --target install
[  4%] [34m[1mAutomatic MOC for target carViz[0m
[  4%] Built target carViz_autogen
[100%] Built target carViz
[36mInstall the project...[0m
-- Install configuration: "Debug"
-- Execute custom install script
-- Installing: /home/pankhuri/Week13/carViz/install/carviz/bin/carViz
-- Set runtime path of "/home/pankhuri/Week13/carViz/install/carviz/bin/carViz" to ""
-- Installing: /home/pankhuri/Week13/carViz/install/carviz/share/jderobot/conf/carViz.yml
Invoked command in '/home/pankhuri/Week13/carViz/build/carviz' returned '0': /usr/bin/cmake --build /home/pankhuri/Week13/carViz/build/carviz --target install
