[2.364s] DEBUG:colcon:Command line arguments: ['/usr/bin/colcon', 'build', '--symlink-install', '--cmake-args', ' -Drosversion:string=0']
[2.364s] DEBUG:colcon:Parsed command line arguments: Namespace(ament_cmake_args=None, base_paths='.', build_base='build', catkin_cmake_args=None, catkin_skip_building_tests=False, cmake_args=['-Drosversion:string=0'], cmake_clean_cache=False, cmake_clean_first=False, cmake_force_configure=False, cmake_target=None, cmake_target_skip_unavailable=False, continue_on_error=False, event_handlers=None, executor='parallel', ignore_user_meta=False, install_base='install', log_base='log', log_level=None, main=<bound method BuildVerb.main of <colcon_core.verb.build.BuildVerb object at 0x7f5bf4b5aa20>>, merge_install=False, metas='./colcon.meta', packages_above=None, packages_above_depth=None, packages_end=None, packages_ignore=None, packages_ignore_regex=None, packages_select=None, packages_select_build_failed=False, packages_select_by_dep=None, packages_select_regex=None, packages_select_test_failures=False, packages_skip=None, packages_skip_build_finished=False, packages_skip_by_dep=None, packages_skip_regex=None, packages_skip_test_passed=False, packages_skip_up_to=None, packages_start=None, packages_up_to=None, parallel_workers=4, paths=None, symlink_install=True, test_result_base=None, verb_extension=<colcon_core.verb.build.BuildVerb object at 0x7f5bf4b5aa20>, verb_name='build', verb_parser=<colcon_defaults.argument_parser.defaults.DefaultArgumentsDecorator object at 0x7f5bf4b5ac50>)
[3.551s] Level 1:colcon.colcon_core.package_discovery:discover_packages(colcon_meta) check parameters
[3.553s] Level 1:colcon.colcon_core.package_discovery:discover_packages(recursive) check parameters
[3.554s] Level 1:colcon.colcon_core.package_discovery:discover_packages(ignore) check parameters
[3.554s] Level 1:colcon.colcon_core.package_discovery:discover_packages(path) check parameters
[3.555s] Level 1:colcon.colcon_core.package_discovery:discover_packages(recursive) discover
[3.557s] INFO:colcon.colcon_core.package_discovery:Crawling recursively for packages in '/home/pankhuri/Week13/carViz'
[3.558s] Level 1:colcon.colcon_core.package_identification:_identify(/home/pankhuri/Week13/carViz) by extensions ['ignore', 'ignore_ament_install']
[3.560s] Level 1:colcon.colcon_core.package_identification:_identify(/home/pankhuri/Week13/carViz) by extension 'ignore'
[3.561s] Level 1:colcon.colcon_core.package_identification:_identify(/home/pankhuri/Week13/carViz) by extension 'ignore_ament_install'
[3.561s] Level 1:colcon.colcon_core.package_identification:_identify(/home/pankhuri/Week13/carViz) by extensions ['colcon_pkg']
[3.562s] Level 1:colcon.colcon_core.package_identification:_identify(/home/pankhuri/Week13/carViz) by extension 'colcon_pkg'
[3.563s] Level 1:colcon.colcon_core.package_identification:_identify(/home/pankhuri/Week13/carViz) by extensions ['colcon_meta']
[3.564s] Level 1:colcon.colcon_core.package_identification:_identify(/home/pankhuri/Week13/carViz) by extension 'colcon_meta'
[3.565s] Level 1:colcon.colcon_core.package_identification:_identify(/home/pankhuri/Week13/carViz) by extensions ['ros']
[3.566s] Level 1:colcon.colcon_core.package_identification:_identify(/home/pankhuri/Week13/carViz) by extension 'ros'
[3.679s] DEBUG:colcon.colcon_core.package_identification:Package '/home/pankhuri/Week13/carViz' with type 'ros.ament_cmake' and name 'carviz'
[3.680s] Level 1:colcon.colcon_core.package_discovery:discover_packages(recursive) using defaults
[3.708s] Level 5:colcon.colcon_core.verb:set package 'carviz' build argument 'cmake_args' from command line to '['-Drosversion:string=0']'
[3.708s] Level 5:colcon.colcon_core.verb:set package 'carviz' build argument 'cmake_target' from command line to 'None'
[3.708s] Level 5:colcon.colcon_core.verb:set package 'carviz' build argument 'cmake_target_skip_unavailable' from command line to 'False'
[3.708s] Level 5:colcon.colcon_core.verb:set package 'carviz' build argument 'cmake_clean_cache' from command line to 'False'
[3.709s] Level 5:colcon.colcon_core.verb:set package 'carviz' build argument 'cmake_clean_first' from command line to 'False'
[3.709s] Level 5:colcon.colcon_core.verb:set package 'carviz' build argument 'cmake_force_configure' from command line to 'False'
[3.709s] Level 5:colcon.colcon_core.verb:set package 'carviz' build argument 'ament_cmake_args' from command line to 'None'
[3.709s] Level 5:colcon.colcon_core.verb:set package 'carviz' build argument 'catkin_cmake_args' from command line to 'None'
[3.709s] Level 5:colcon.colcon_core.verb:set package 'carviz' build argument 'catkin_skip_building_tests' from command line to 'False'
[3.709s] DEBUG:colcon.colcon_core.verb:Building package 'carviz' with the following arguments: {'ament_cmake_args': None, 'build_base': '/home/pankhuri/Week13/carViz/build/carviz', 'catkin_cmake_args': None, 'catkin_skip_building_tests': False, 'cmake_args': ['-Drosversion:string=0'], 'cmake_clean_cache': False, 'cmake_clean_first': False, 'cmake_force_configure': False, 'cmake_target': None, 'cmake_target_skip_unavailable': False, 'install_base': '/home/pankhuri/Week13/carViz/install/carviz', 'merge_install': False, 'path': '/home/pankhuri/Week13/carViz', 'symlink_install': True, 'test_result_base': None}
[3.714s] INFO:colcon.colcon_core.executor:Executing jobs using 'parallel' executor
[3.715s] DEBUG:colcon.colcon_parallel_executor.executor.parallel:run_until_complete
[3.716s] INFO:colcon.colcon_ros.task.ament_cmake.build:Building ROS package in '/home/pankhuri/Week13/carViz' with build type 'ament_cmake'
[3.833s] INFO:colcon.colcon_core.plugin_system:Skipping extension 'colcon_core.shell.bat': Not used on non-Windows systems
[3.834s] INFO:colcon.colcon_cmake.task.cmake.build:Building CMake package in '/home/pankhuri/Week13/carViz'
[3.839s] INFO:colcon.colcon_core.shell:Skip shell extension 'powershell' for command environment: Not usable outside of PowerShell
[4.105s] DEBUG:colcon.colcon_core.event_handler.log_command:Invoking command in '/home/pankhuri/Week13/carViz/build/carviz': /usr/bin/cmake --build /home/pankhuri/Week13/carViz/build/carviz -- -j4 -l4
[21.899s] DEBUG:colcon.colcon_core.event_handler.log_command:Invoked command in '/home/pankhuri/Week13/carViz/build/carviz' returned '2': /usr/bin/cmake --build /home/pankhuri/Week13/carViz/build/carviz -- -j4 -l4
[21.908s] DEBUG:colcon.colcon_parallel_executor.executor.parallel:closing loop
[21.909s] DEBUG:colcon.colcon_parallel_executor.executor.parallel:loop closed
[21.909s] DEBUG:colcon.colcon_parallel_executor.executor.parallel:run_until_complete finished with '2'
[21.909s] DEBUG:colcon.colcon_core.event_reactor:joining thread
[22.122s] INFO:colcon.colcon_core.plugin_system:Skipping extension 'colcon_notification.desktop_notification.terminal_notifier': Not used on non-Darwin systems
[22.122s] INFO:colcon.colcon_core.plugin_system:Skipping extension 'colcon_notification.desktop_notification.win32': Not used on non-Windows systems
[22.138s] INFO:colcon.colcon_notification.desktop_notification:Sending desktop notification using 'notify2'
[22.172s] DEBUG:colcon.colcon_core.event_reactor:joined thread
[22.174s] INFO:colcon.colcon_core.shell:Creating prefix script '/home/pankhuri/Week13/carViz/install/local_setup.ps1'
[22.207s] INFO:colcon.colcon_core.shell:Creating prefix chain script '/home/pankhuri/Week13/carViz/install/setup.ps1'
[22.231s] INFO:colcon.colcon_core.shell:Creating prefix script '/home/pankhuri/Week13/carViz/install/local_setup.sh'
[22.247s] INFO:colcon.colcon_core.shell:Creating prefix chain script '/home/pankhuri/Week13/carViz/install/setup.sh'
[22.264s] INFO:colcon.colcon_core.shell:Creating prefix script '/home/pankhuri/Week13/carViz/install/local_setup.bash'
[22.294s] INFO:colcon.colcon_core.shell:Creating prefix chain script '/home/pankhuri/Week13/carViz/install/setup.bash'
[22.314s] INFO:colcon.colcon_core.shell:Creating prefix script '/home/pankhuri/Week13/carViz/install/local_setup.zsh'
[22.338s] INFO:colcon.colcon_core.shell:Creating prefix chain script '/home/pankhuri/Week13/carViz/install/setup.zsh'
