THIS IS ROS2
ROS2 found
In file included from [01m[K/home/pankhuri/Week13/carViz/robot/../comm/ros2head/listenerCameraros2.hpp:9:0[m[K,
                 from [01m[K/home/pankhuri/Week13/carViz/robot/../comm/cameraClient.hpp:13[m[K,
                 from [01m[K/home/pankhuri/Week13/carViz/robot/sensors.h:16[m[K,
                 from [01m[K/home/pankhuri/Week13/carViz/robot/sensors.cpp:1[m[K:
[01m[K/home/pankhuri/Week13/carViz/robot/../comm/ros2head/../interfaces/cameraClient.hpp:31:8:[m[K [01;31m[Kerror: [m[Kredefinition of ‘[01m[Kclass Comm::CameraClient[m[K’
  class [01;31m[KCameraClient[m[K {
        [01;31m[K^~~~~~~~~~~~[m[K
In file included from [01m[K/home/pankhuri/Week13/carViz/robot/../comm/cameraClient.hpp:6:0[m[K,
                 from [01m[K/home/pankhuri/Week13/carViz/robot/sensors.h:16[m[K,
                 from [01m[K/home/pankhuri/Week13/carViz/robot/sensors.cpp:1[m[K:
[01m[K/home/pankhuri/Week13/carViz/robot/../comm/interfaces/cameraClient.hpp:31:8:[m[K [01;36m[Knote: [m[Kprevious definition of ‘[01m[Kclass Comm::CameraClient[m[K’
  class [01;36m[KCameraClient[m[K {
        [01;36m[K^~~~~~~~~~~~[m[K
In file included from [01m[K/home/pankhuri/Week13/carViz/robot/../comm/ros2head/listenerCameraros2.hpp:10:0[m[K,
                 from [01m[K/home/pankhuri/Week13/carViz/robot/../comm/cameraClient.hpp:13[m[K,
                 from [01m[K/home/pankhuri/Week13/carViz/robot/sensors.h:16[m[K,
                 from [01m[K/home/pankhuri/Week13/carViz/robot/sensors.cpp:1[m[K:
[01m[K/home/pankhuri/Week13/carViz/robot/../comm/ros2head/translatorsros2.hpp:28:11:[m[K [01;31m[Kerror: [m[Kredefinition of ‘[01m[Kfloat camViz::PI[m[K’
     float [01;31m[KPI[m[K = 3.1415;
           [01;31m[K^~[m[K
In file included from [01m[K/home/pankhuri/Week13/carViz/robot/../comm/ros2head/listenerLaserros2.hpp:6:0[m[K,
                 from [01m[K/home/pankhuri/Week13/carViz/robot/../comm/laserClient.hpp:11[m[K,
                 from [01m[K/home/pankhuri/Week13/carViz/robot/sensors.h:15[m[K,
                 from [01m[K/home/pankhuri/Week13/carViz/robot/sensors.cpp:1[m[K:
[01m[K/home/pankhuri/Week13/carViz/robot/../comm/ros2head/translatorsros2.hpp:28:11:[m[K [01;36m[Knote: [m[K‘[01m[Kfloat camViz::PI[m[K’ previously defined here
     float [01;36m[KPI[m[K = 3.1415;
           [01;36m[K^~[m[K
In file included from [01m[K/home/pankhuri/Week13/carViz/robot/../comm/ros2head/listenerCameraros2.hpp:10:0[m[K,
                 from [01m[K/home/pankhuri/Week13/carViz/robot/../comm/cameraClient.hpp:13[m[K,
                 from [01m[K/home/pankhuri/Week13/carViz/robot/sensors.h:16[m[K,
                 from [01m[K/home/pankhuri/Week13/carViz/robot/sensors.cpp:1[m[K:
[01m[K/home/pankhuri/Week13/carViz/robot/../comm/ros2head/translatorsros2.hpp:30:6:[m[K [01;31m[Kerror: [m[Kredefinition of ‘[01m[Kint camViz::MAXRANGEIMGD[m[K’
  int [01;31m[KMAXRANGEIMGD[m[K = 8; //max length received from imageD
      [01;31m[K^~~~~~~~~~~~[m[K
In file included from [01m[K/home/pankhuri/Week13/carViz/robot/../comm/ros2head/listenerLaserros2.hpp:6:0[m[K,
                 from [01m[K/home/pankhuri/Week13/carViz/robot/../comm/laserClient.hpp:11[m[K,
                 from [01m[K/home/pankhuri/Week13/carViz/robot/sensors.h:15[m[K,
                 from [01m[K/home/pankhuri/Week13/carViz/robot/sensors.cpp:1[m[K:
[01m[K/home/pankhuri/Week13/carViz/robot/../comm/ros2head/translatorsros2.hpp:30:6:[m[K [01;36m[Knote: [m[K‘[01m[Kint camViz::MAXRANGEIMGD[m[K’ previously defined here
  int [01;36m[KMAXRANGEIMGD[m[K = 8; //max length received from imageD
      [01;36m[K^~~~~~~~~~~~[m[K
In file included from [01m[K/home/pankhuri/Week13/carViz/robot/../comm/ros2head/listenerCameraros2.hpp:10:0[m[K,
                 from [01m[K/home/pankhuri/Week13/carViz/robot/../comm/cameraClient.hpp:13[m[K,
                 from [01m[K/home/pankhuri/Week13/carViz/robot/sensors.h:16[m[K,
                 from [01m[K/home/pankhuri/Week13/carViz/robot/sensors.cpp:1[m[K:
[01m[K/home/pankhuri/Week13/carViz/robot/../comm/ros2head/translatorsros2.hpp:[m[K In function ‘[01m[Kvoid camViz::depthToRGB(const cv::Mat&, cv::Mat&, std::__cxx11::string)[m[K’:
[01m[K/home/pankhuri/Week13/carViz/robot/../comm/ros2head/translatorsros2.hpp:33:2:[m[K [01;31m[Kerror: [m[Kredefinition of ‘[01m[Kvoid camViz::depthToRGB(const cv::Mat&, cv::Mat&, std::__cxx11::string)[m[K’
  [01;31m[KdepthToRGB[m[K(const cv::Mat& float_img, cv::Mat& rgb_img, std::string type ){
  [01;31m[K^~~~~~~~~~[m[K
In file included from [01m[K/home/pankhuri/Week13/carViz/robot/../comm/ros2head/listenerLaserros2.hpp:6:0[m[K,
                 from [01m[K/home/pankhuri/Week13/carViz/robot/../comm/laserClient.hpp:11[m[K,
                 from [01m[K/home/pankhuri/Week13/carViz/robot/sensors.h:15[m[K,
                 from [01m[K/home/pankhuri/Week13/carViz/robot/sensors.cpp:1[m[K:
[01m[K/home/pankhuri/Week13/carViz/robot/../comm/ros2head/translatorsros2.hpp:33:2:[m[K [01;36m[Knote: [m[K‘[01m[Kvoid camViz::depthToRGB(const cv::Mat&, cv::Mat&, std::__cxx11::string)[m[K’ previously defined here
  [01;36m[KdepthToRGB[m[K(const cv::Mat& float_img, cv::Mat& rgb_img, std::string type ){
  [01;36m[K^~~~~~~~~~[m[K
In file included from [01m[K/home/pankhuri/Week13/carViz/robot/../comm/ros2head/listenerCameraros2.hpp:10:0[m[K,
                 from [01m[K/home/pankhuri/Week13/carViz/robot/../comm/cameraClient.hpp:13[m[K,
                 from [01m[K/home/pankhuri/Week13/carViz/robot/sensors.h:16[m[K,
                 from [01m[K/home/pankhuri/Week13/carViz/robot/sensors.cpp:1[m[K:
[01m[K/home/pankhuri/Week13/carViz/robot/../comm/ros2head/translatorsros2.hpp:[m[K In function ‘[01m[KJdeRobotTypes::Image camViz::translate_image_messages(sensor_msgs::msg::Image_<std::allocator<void> >::SharedPtr)[m[K’:
[01m[K/home/pankhuri/Week13/carViz/robot/../comm/ros2head/translatorsros2.hpp:52:2:[m[K [01;31m[Kerror: [m[Kredefinition of ‘[01m[KJdeRobotTypes::Image camViz::translate_image_messages(sensor_msgs::msg::Image_<std::allocator<void> >::SharedPtr)[m[K’
  [01;31m[Ktranslate_image_messages[m[K(const sensor_msgs::msg::Image::SharedPtr image_msg){
  [01;31m[K^~~~~~~~~~~~~~~~~~~~~~~~[m[K
In file included from [01m[K/home/pankhuri/Week13/carViz/robot/../comm/ros2head/listenerLaserros2.hpp:6:0[m[K,
                 from [01m[K/home/pankhuri/Week13/carViz/robot/../comm/laserClient.hpp:11[m[K,
                 from [01m[K/home/pankhuri/Week13/carViz/robot/sensors.h:15[m[K,
                 from [01m[K/home/pankhuri/Week13/carViz/robot/sensors.cpp:1[m[K:
[01m[K/home/pankhuri/Week13/carViz/robot/../comm/ros2head/translatorsros2.hpp:52:2:[m[K [01;36m[Knote: [m[K‘[01m[KJdeRobotTypes::Image camViz::translate_image_messages(sensor_msgs::msg::Image_<std::allocator<void> >::SharedPtr)[m[K’ previously defined here
  [01;36m[Ktranslate_image_messages[m[K(const sensor_msgs::msg::Image::SharedPtr image_msg){
  [01;36m[K^~~~~~~~~~~~~~~~~~~~~~~~[m[K
In file included from [01m[K/home/pankhuri/Week13/carViz/robot/../comm/ros2head/listenerPoseros2.hpp:6:0[m[K,
                 from [01m[K/home/pankhuri/Week13/carViz/robot/../comm/pose3dClient.hpp:10[m[K,
                 from [01m[K/home/pankhuri/Week13/carViz/robot/sensors.h:17[m[K,
                 from [01m[K/home/pankhuri/Week13/carViz/robot/sensors.cpp:1[m[K:
[01m[K/home/pankhuri/Week13/carViz/robot/../comm/ros2head/translatorsros2.hpp:[m[K At global scope:
[01m[K/home/pankhuri/Week13/carViz/robot/../comm/ros2head/translatorsros2.hpp:28:11:[m[K [01;31m[Kerror: [m[Kredefinition of ‘[01m[Kfloat camViz::PI[m[K’
     float [01;31m[KPI[m[K = 3.1415;
           [01;31m[K^~[m[K
In file included from [01m[K/home/pankhuri/Week13/carViz/robot/../comm/ros2head/listenerLaserros2.hpp:6:0[m[K,
                 from [01m[K/home/pankhuri/Week13/carViz/robot/../comm/laserClient.hpp:11[m[K,
                 from [01m[K/home/pankhuri/Week13/carViz/robot/sensors.h:15[m[K,
                 from [01m[K/home/pankhuri/Week13/carViz/robot/sensors.cpp:1[m[K:
[01m[K/home/pankhuri/Week13/carViz/robot/../comm/ros2head/translatorsros2.hpp:28:11:[m[K [01;36m[Knote: [m[K‘[01m[Kfloat camViz::PI[m[K’ previously defined here
     float [01;36m[KPI[m[K = 3.1415;
           [01;36m[K^~[m[K
In file included from [01m[K/home/pankhuri/Week13/carViz/robot/../comm/ros2head/listenerPoseros2.hpp:6:0[m[K,
                 from [01m[K/home/pankhuri/Week13/carViz/robot/../comm/pose3dClient.hpp:10[m[K,
                 from [01m[K/home/pankhuri/Week13/carViz/robot/sensors.h:17[m[K,
                 from [01m[K/home/pankhuri/Week13/carViz/robot/sensors.cpp:1[m[K:
[01m[K/home/pankhuri/Week13/carViz/robot/../comm/ros2head/translatorsros2.hpp:30:6:[m[K [01;31m[Kerror: [m[Kredefinition of ‘[01m[Kint camViz::MAXRANGEIMGD[m[K’
  int [01;31m[KMAXRANGEIMGD[m[K = 8; //max length received from imageD
      [01;31m[K^~~~~~~~~~~~[m[K
In file included from [01m[K/home/pankhuri/Week13/carViz/robot/../comm/ros2head/listenerLaserros2.hpp:6:0[m[K,
                 from [01m[K/home/pankhuri/Week13/carViz/robot/../comm/laserClient.hpp:11[m[K,
                 from [01m[K/home/pankhuri/Week13/carViz/robot/sensors.h:15[m[K,
                 from [01m[K/home/pankhuri/Week13/carViz/robot/sensors.cpp:1[m[K:
[01m[K/home/pankhuri/Week13/carViz/robot/../comm/ros2head/translatorsros2.hpp:30:6:[m[K [01;36m[Knote: [m[K‘[01m[Kint camViz::MAXRANGEIMGD[m[K’ previously defined here
  int [01;36m[KMAXRANGEIMGD[m[K = 8; //max length received from imageD
      [01;36m[K^~~~~~~~~~~~[m[K
In file included from [01m[K/home/pankhuri/Week13/carViz/robot/../comm/ros2head/listenerPoseros2.hpp:6:0[m[K,
                 from [01m[K/home/pankhuri/Week13/carViz/robot/../comm/pose3dClient.hpp:10[m[K,
                 from [01m[K/home/pankhuri/Week13/carViz/robot/sensors.h:17[m[K,
                 from [01m[K/home/pankhuri/Week13/carViz/robot/sensors.cpp:1[m[K:
[01m[K/home/pankhuri/Week13/carViz/robot/../comm/ros2head/translatorsros2.hpp:[m[K In function ‘[01m[Kvoid camViz::depthToRGB(const cv::Mat&, cv::Mat&, std::__cxx11::string)[m[K’:
[01m[K/home/pankhuri/Week13/carViz/robot/../comm/ros2head/translatorsros2.hpp:33:2:[m[K [01;31m[Kerror: [m[Kredefinition of ‘[01m[Kvoid camViz::depthToRGB(const cv::Mat&, cv::Mat&, std::__cxx11::string)[m[K’
  [01;31m[KdepthToRGB[m[K(const cv::Mat& float_img, cv::Mat& rgb_img, std::string type ){
  [01;31m[K^~~~~~~~~~[m[K
In file included from [01m[K/home/pankhuri/Week13/carViz/robot/../comm/ros2head/listenerLaserros2.hpp:6:0[m[K,
                 from [01m[K/home/pankhuri/Week13/carViz/robot/../comm/laserClient.hpp:11[m[K,
                 from [01m[K/home/pankhuri/Week13/carViz/robot/sensors.h:15[m[K,
                 from [01m[K/home/pankhuri/Week13/carViz/robot/sensors.cpp:1[m[K:
[01m[K/home/pankhuri/Week13/carViz/robot/../comm/ros2head/translatorsros2.hpp:33:2:[m[K [01;36m[Knote: [m[K‘[01m[Kvoid camViz::depthToRGB(const cv::Mat&, cv::Mat&, std::__cxx11::string)[m[K’ previously defined here
  [01;36m[KdepthToRGB[m[K(const cv::Mat& float_img, cv::Mat& rgb_img, std::string type ){
  [01;36m[K^~~~~~~~~~[m[K
In file included from [01m[K/home/pankhuri/Week13/carViz/robot/../comm/ros2head/listenerPoseros2.hpp:6:0[m[K,
                 from [01m[K/home/pankhuri/Week13/carViz/robot/../comm/pose3dClient.hpp:10[m[K,
                 from [01m[K/home/pankhuri/Week13/carViz/robot/sensors.h:17[m[K,
                 from [01m[K/home/pankhuri/Week13/carViz/robot/sensors.cpp:1[m[K:
[01m[K/home/pankhuri/Week13/carViz/robot/../comm/ros2head/translatorsros2.hpp:[m[K In function ‘[01m[KJdeRobotTypes::Image camViz::translate_image_messages(sensor_msgs::msg::Image_<std::allocator<void> >::SharedPtr)[m[K’:
[01m[K/home/pankhuri/Week13/carViz/robot/../comm/ros2head/translatorsros2.hpp:52:2:[m[K [01;31m[Kerror: [m[Kredefinition of ‘[01m[KJdeRobotTypes::Image camViz::translate_image_messages(sensor_msgs::msg::Image_<std::allocator<void> >::SharedPtr)[m[K’
  [01;31m[Ktranslate_image_messages[m[K(const sensor_msgs::msg::Image::SharedPtr image_msg){
  [01;31m[K^~~~~~~~~~~~~~~~~~~~~~~~[m[K
In file included from [01m[K/home/pankhuri/Week13/carViz/robot/../comm/ros2head/listenerLaserros2.hpp:6:0[m[K,
                 from [01m[K/home/pankhuri/Week13/carViz/robot/../comm/laserClient.hpp:11[m[K,
                 from [01m[K/home/pankhuri/Week13/carViz/robot/sensors.h:15[m[K,
                 from [01m[K/home/pankhuri/Week13/carViz/robot/sensors.cpp:1[m[K:
[01m[K/home/pankhuri/Week13/carViz/robot/../comm/ros2head/translatorsros2.hpp:52:2:[m[K [01;36m[Knote: [m[K‘[01m[KJdeRobotTypes::Image camViz::translate_image_messages(sensor_msgs::msg::Image_<std::allocator<void> >::SharedPtr)[m[K’ previously defined here
  [01;36m[Ktranslate_image_messages[m[K(const sensor_msgs::msg::Image::SharedPtr image_msg){
  [01;36m[K^~~~~~~~~~~~~~~~~~~~~~~~[m[K
make[2]: *** [CMakeFiles/carViz.dir/robot/sensors.cpp.o] Error 1
make[2]: *** Waiting for unfinished jobs....
In file included from [01m[K/home/pankhuri/Week13/carViz/robot/../comm/ros2head/listenerCameraros2.hpp:9:0[m[K,
                 from [01m[K/home/pankhuri/Week13/carViz/robot/../comm/cameraClient.hpp:13[m[K,
                 from [01m[K/home/pankhuri/Week13/carViz/robot/sensors.h:16[m[K,
                 from [01m[K/home/pankhuri/Week13/carViz/robot/robot.h:6[m[K,
                 from [01m[K/home/pankhuri/Week13/carViz/robot/robot.cpp:1[m[K:
[01m[K/home/pankhuri/Week13/carViz/robot/../comm/ros2head/../interfaces/cameraClient.hpp:31:8:[m[K [01;31m[Kerror: [m[Kredefinition of ‘[01m[Kclass Comm::CameraClient[m[K’
  class [01;31m[KCameraClient[m[K {
        [01;31m[K^~~~~~~~~~~~[m[K
In file included from [01m[K/home/pankhuri/Week13/carViz/robot/../comm/cameraClient.hpp:6:0[m[K,
                 from [01m[K/home/pankhuri/Week13/carViz/robot/sensors.h:16[m[K,
                 from [01m[K/home/pankhuri/Week13/carViz/robot/robot.h:6[m[K,
                 from [01m[K/home/pankhuri/Week13/carViz/robot/robot.cpp:1[m[K:
[01m[K/home/pankhuri/Week13/carViz/robot/../comm/interfaces/cameraClient.hpp:31:8:[m[K [01;36m[Knote: [m[Kprevious definition of ‘[01m[Kclass Comm::CameraClient[m[K’
  class [01;36m[KCameraClient[m[K {
        [01;36m[K^~~~~~~~~~~~[m[K
In file included from [01m[K/home/pankhuri/Week13/carViz/robot/../comm/ros2head/listenerCameraros2.hpp:10:0[m[K,
                 from [01m[K/home/pankhuri/Week13/carViz/robot/../comm/cameraClient.hpp:13[m[K,
                 from [01m[K/home/pankhuri/Week13/carViz/robot/sensors.h:16[m[K,
                 from [01m[K/home/pankhuri/Week13/carViz/robot/robot.h:6[m[K,
                 from [01m[K/home/pankhuri/Week13/carViz/robot/robot.cpp:1[m[K:
[01m[K/home/pankhuri/Week13/carViz/robot/../comm/ros2head/translatorsros2.hpp:28:11:[m[K [01;31m[Kerror: [m[Kredefinition of ‘[01m[Kfloat camViz::PI[m[K’
     float [01;31m[KPI[m[K = 3.1415;
           [01;31m[K^~[m[K
In file included from [01m[K/home/pankhuri/Week13/carViz/robot/../comm/ros2head/listenerLaserros2.hpp:6:0[m[K,
                 from [01m[K/home/pankhuri/Week13/carViz/robot/../comm/laserClient.hpp:11[m[K,
                 from [01m[K/home/pankhuri/Week13/carViz/robot/sensors.h:15[m[K,
                 from [01m[K/home/pankhuri/Week13/carViz/robot/robot.h:6[m[K,
                 from [01m[K/home/pankhuri/Week13/carViz/robot/robot.cpp:1[m[K:
[01m[K/home/pankhuri/Week13/carViz/robot/../comm/ros2head/translatorsros2.hpp:28:11:[m[K [01;36m[Knote: [m[K‘[01m[Kfloat camViz::PI[m[K’ previously defined here
     float [01;36m[KPI[m[K = 3.1415;
           [01;36m[K^~[m[K
In file included from [01m[K/home/pankhuri/Week13/carViz/robot/../comm/ros2head/listenerCameraros2.hpp:10:0[m[K,
                 from [01m[K/home/pankhuri/Week13/carViz/robot/../comm/cameraClient.hpp:13[m[K,
                 from [01m[K/home/pankhuri/Week13/carViz/robot/sensors.h:16[m[K,
                 from [01m[K/home/pankhuri/Week13/carViz/robot/robot.h:6[m[K,
                 from [01m[K/home/pankhuri/Week13/carViz/robot/robot.cpp:1[m[K:
[01m[K/home/pankhuri/Week13/carViz/robot/../comm/ros2head/translatorsros2.hpp:30:6:[m[K [01;31m[Kerror: [m[Kredefinition of ‘[01m[Kint camViz::MAXRANGEIMGD[m[K’
  int [01;31m[KMAXRANGEIMGD[m[K = 8; //max length received from imageD
      [01;31m[K^~~~~~~~~~~~[m[K
In file included from [01m[K/home/pankhuri/Week13/carViz/robot/../comm/ros2head/listenerLaserros2.hpp:6:0[m[K,
                 from [01m[K/home/pankhuri/Week13/carViz/robot/../comm/laserClient.hpp:11[m[K,
                 from [01m[K/home/pankhuri/Week13/carViz/robot/sensors.h:15[m[K,
                 from [01m[K/home/pankhuri/Week13/carViz/robot/robot.h:6[m[K,
                 from [01m[K/home/pankhuri/Week13/carViz/robot/robot.cpp:1[m[K:
[01m[K/home/pankhuri/Week13/carViz/robot/../comm/ros2head/translatorsros2.hpp:30:6:[m[K [01;36m[Knote: [m[K‘[01m[Kint camViz::MAXRANGEIMGD[m[K’ previously defined here
  int [01;36m[KMAXRANGEIMGD[m[K = 8; //max length received from imageD
      [01;36m[K^~~~~~~~~~~~[m[K
In file included from [01m[K/home/pankhuri/Week13/carViz/robot/../comm/ros2head/listenerCameraros2.hpp:10:0[m[K,
                 from [01m[K/home/pankhuri/Week13/carViz/robot/../comm/cameraClient.hpp:13[m[K,
                 from [01m[K/home/pankhuri/Week13/carViz/robot/sensors.h:16[m[K,
                 from [01m[K/home/pankhuri/Week13/carViz/robot/robot.h:6[m[K,
                 from [01m[K/home/pankhuri/Week13/carViz/robot/robot.cpp:1[m[K:
[01m[K/home/pankhuri/Week13/carViz/robot/../comm/ros2head/translatorsros2.hpp:[m[K In function ‘[01m[Kvoid camViz::depthToRGB(const cv::Mat&, cv::Mat&, std::__cxx11::string)[m[K’:
[01m[K/home/pankhuri/Week13/carViz/robot/../comm/ros2head/translatorsros2.hpp:33:2:[m[K [01;31m[Kerror: [m[Kredefinition of ‘[01m[Kvoid camViz::depthToRGB(const cv::Mat&, cv::Mat&, std::__cxx11::string)[m[K’
  [01;31m[KdepthToRGB[m[K(const cv::Mat& float_img, cv::Mat& rgb_img, std::string type ){
  [01;31m[K^~~~~~~~~~[m[K
In file included from [01m[K/home/pankhuri/Week13/carViz/robot/../comm/ros2head/listenerLaserros2.hpp:6:0[m[K,
                 from [01m[K/home/pankhuri/Week13/carViz/robot/../comm/laserClient.hpp:11[m[K,
                 from [01m[K/home/pankhuri/Week13/carViz/robot/sensors.h:15[m[K,
                 from [01m[K/home/pankhuri/Week13/carViz/robot/robot.h:6[m[K,
                 from [01m[K/home/pankhuri/Week13/carViz/robot/robot.cpp:1[m[K:
[01m[K/home/pankhuri/Week13/carViz/robot/../comm/ros2head/translatorsros2.hpp:33:2:[m[K [01;36m[Knote: [m[K‘[01m[Kvoid camViz::depthToRGB(const cv::Mat&, cv::Mat&, std::__cxx11::string)[m[K’ previously defined here
  [01;36m[KdepthToRGB[m[K(const cv::Mat& float_img, cv::Mat& rgb_img, std::string type ){
  [01;36m[K^~~~~~~~~~[m[K
In file included from [01m[K/home/pankhuri/Week13/carViz/robot/../comm/ros2head/listenerCameraros2.hpp:10:0[m[K,
                 from [01m[K/home/pankhuri/Week13/carViz/robot/../comm/cameraClient.hpp:13[m[K,
                 from [01m[K/home/pankhuri/Week13/carViz/robot/sensors.h:16[m[K,
                 from [01m[K/home/pankhuri/Week13/carViz/robot/robot.h:6[m[K,
                 from [01m[K/home/pankhuri/Week13/carViz/robot/robot.cpp:1[m[K:
[01m[K/home/pankhuri/Week13/carViz/robot/../comm/ros2head/translatorsros2.hpp:[m[K In function ‘[01m[KJdeRobotTypes::Image camViz::translate_image_messages(sensor_msgs::msg::Image_<std::allocator<void> >::SharedPtr)[m[K’:
[01m[K/home/pankhuri/Week13/carViz/robot/../comm/ros2head/translatorsros2.hpp:52:2:[m[K [01;31m[Kerror: [m[Kredefinition of ‘[01m[KJdeRobotTypes::Image camViz::translate_image_messages(sensor_msgs::msg::Image_<std::allocator<void> >::SharedPtr)[m[K’
  [01;31m[Ktranslate_image_messages[m[K(const sensor_msgs::msg::Image::SharedPtr image_msg){
  [01;31m[K^~~~~~~~~~~~~~~~~~~~~~~~[m[K
In file included from [01m[K/home/pankhuri/Week13/carViz/robot/../comm/ros2head/listenerLaserros2.hpp:6:0[m[K,
                 from [01m[K/home/pankhuri/Week13/carViz/robot/../comm/laserClient.hpp:11[m[K,
                 from [01m[K/home/pankhuri/Week13/carViz/robot/sensors.h:15[m[K,
                 from [01m[K/home/pankhuri/Week13/carViz/robot/robot.h:6[m[K,
                 from [01m[K/home/pankhuri/Week13/carViz/robot/robot.cpp:1[m[K:
[01m[K/home/pankhuri/Week13/carViz/robot/../comm/ros2head/translatorsros2.hpp:52:2:[m[K [01;36m[Knote: [m[K‘[01m[KJdeRobotTypes::Image camViz::translate_image_messages(sensor_msgs::msg::Image_<std::allocator<void> >::SharedPtr)[m[K’ previously defined here
  [01;36m[Ktranslate_image_messages[m[K(const sensor_msgs::msg::Image::SharedPtr image_msg){
  [01;36m[K^~~~~~~~~~~~~~~~~~~~~~~~[m[K
In file included from [01m[K/home/pankhuri/Week13/carViz/robot/../comm/ros2head/listenerCameraros2.hpp:9:0[m[K,
                 from [01m[K/home/pankhuri/Week13/carViz/robot/../comm/cameraClient.hpp:13[m[K,
                 from [01m[K/home/pankhuri/Week13/carViz/robot/sensors.h:16[m[K,
                 from [01m[K/home/pankhuri/Week13/carViz/robot/robot.h:6[m[K,
                 from [01m[K/home/pankhuri/Week13/carViz/main.cpp:1[m[K:
[01m[K/home/pankhuri/Week13/carViz/robot/../comm/ros2head/../interfaces/cameraClient.hpp:31:8:[m[K [01;31m[Kerror: [m[Kredefinition of ‘[01m[Kclass Comm::CameraClient[m[K’
  class [01;31m[KCameraClient[m[K {
        [01;31m[K^~~~~~~~~~~~[m[K
In file included from [01m[K/home/pankhuri/Week13/carViz/robot/../comm/cameraClient.hpp:6:0[m[K,
                 from [01m[K/home/pankhuri/Week13/carViz/robot/sensors.h:16[m[K,
                 from [01m[K/home/pankhuri/Week13/carViz/robot/robot.h:6[m[K,
                 from [01m[K/home/pankhuri/Week13/carViz/main.cpp:1[m[K:
[01m[K/home/pankhuri/Week13/carViz/robot/../comm/interfaces/cameraClient.hpp:31:8:[m[K [01;36m[Knote: [m[Kprevious definition of ‘[01m[Kclass Comm::CameraClient[m[K’
  class [01;36m[KCameraClient[m[K {
        [01;36m[K^~~~~~~~~~~~[m[K
In file included from [01m[K/home/pankhuri/Week13/carViz/robot/../comm/ros2head/listenerCameraros2.hpp:10:0[m[K,
                 from [01m[K/home/pankhuri/Week13/carViz/robot/../comm/cameraClient.hpp:13[m[K,
                 from [01m[K/home/pankhuri/Week13/carViz/robot/sensors.h:16[m[K,
                 from [01m[K/home/pankhuri/Week13/carViz/robot/robot.h:6[m[K,
                 from [01m[K/home/pankhuri/Week13/carViz/main.cpp:1[m[K:
[01m[K/home/pankhuri/Week13/carViz/robot/../comm/ros2head/translatorsros2.hpp:28:11:[m[K [01;31m[Kerror: [m[Kredefinition of ‘[01m[Kfloat camViz::PI[m[K’
     float [01;31m[KPI[m[K = 3.1415;
           [01;31m[K^~[m[K
In file included from [01m[K/home/pankhuri/Week13/carViz/robot/../comm/ros2head/listenerLaserros2.hpp:6:0[m[K,
                 from [01m[K/home/pankhuri/Week13/carViz/robot/../comm/laserClient.hpp:11[m[K,
                 from [01m[K/home/pankhuri/Week13/carViz/robot/sensors.h:15[m[K,
                 from [01m[K/home/pankhuri/Week13/carViz/robot/robot.h:6[m[K,
                 from [01m[K/home/pankhuri/Week13/carViz/main.cpp:1[m[K:
[01m[K/home/pankhuri/Week13/carViz/robot/../comm/ros2head/translatorsros2.hpp:28:11:[m[K [01;36m[Knote: [m[K‘[01m[Kfloat camViz::PI[m[K’ previously defined here
     float [01;36m[KPI[m[K = 3.1415;
           [01;36m[K^~[m[K
In file included from [01m[K/home/pankhuri/Week13/carViz/robot/../comm/ros2head/listenerCameraros2.hpp:10:0[m[K,
                 from [01m[K/home/pankhuri/Week13/carViz/robot/../comm/cameraClient.hpp:13[m[K,
                 from [01m[K/home/pankhuri/Week13/carViz/robot/sensors.h:16[m[K,
                 from [01m[K/home/pankhuri/Week13/carViz/robot/robot.h:6[m[K,
                 from [01m[K/home/pankhuri/Week13/carViz/main.cpp:1[m[K:
[01m[K/home/pankhuri/Week13/carViz/robot/../comm/ros2head/translatorsros2.hpp:30:6:[m[K [01;31m[Kerror: [m[Kredefinition of ‘[01m[Kint camViz::MAXRANGEIMGD[m[K’
  int [01;31m[KMAXRANGEIMGD[m[K = 8; //max length received from imageD
      [01;31m[K^~~~~~~~~~~~[m[K
In file included from [01m[K/home/pankhuri/Week13/carViz/robot/../comm/ros2head/listenerLaserros2.hpp:6:0[m[K,
                 from [01m[K/home/pankhuri/Week13/carViz/robot/../comm/laserClient.hpp:11[m[K,
                 from [01m[K/home/pankhuri/Week13/carViz/robot/sensors.h:15[m[K,
                 from [01m[K/home/pankhuri/Week13/carViz/robot/robot.h:6[m[K,
                 from [01m[K/home/pankhuri/Week13/carViz/main.cpp:1[m[K:
[01m[K/home/pankhuri/Week13/carViz/robot/../comm/ros2head/translatorsros2.hpp:30:6:[m[K [01;36m[Knote: [m[K‘[01m[Kint camViz::MAXRANGEIMGD[m[K’ previously defined here
  int [01;36m[KMAXRANGEIMGD[m[K = 8; //max length received from imageD
      [01;36m[K^~~~~~~~~~~~[m[K
In file included from [01m[K/home/pankhuri/Week13/carViz/robot/../comm/ros2head/listenerCameraros2.hpp:10:0[m[K,
                 from [01m[K/home/pankhuri/Week13/carViz/robot/../comm/cameraClient.hpp:13[m[K,
                 from [01m[K/home/pankhuri/Week13/carViz/robot/sensors.h:16[m[K,
                 from [01m[K/home/pankhuri/Week13/carViz/robot/robot.h:6[m[K,
                 from [01m[K/home/pankhuri/Week13/carViz/main.cpp:1[m[K:
[01m[K/home/pankhuri/Week13/carViz/robot/../comm/ros2head/translatorsros2.hpp:[m[K In function ‘[01m[Kvoid camViz::depthToRGB(const cv::Mat&, cv::Mat&, std::__cxx11::string)[m[K’:
[01m[K/home/pankhuri/Week13/carViz/robot/../comm/ros2head/translatorsros2.hpp:33:2:[m[K [01;31m[Kerror: [m[Kredefinition of ‘[01m[Kvoid camViz::depthToRGB(const cv::Mat&, cv::Mat&, std::__cxx11::string)[m[K’
  [01;31m[KdepthToRGB[m[K(const cv::Mat& float_img, cv::Mat& rgb_img, std::string type ){
  [01;31m[K^~~~~~~~~~[m[K
In file included from [01m[K/home/pankhuri/Week13/carViz/robot/../comm/ros2head/listenerLaserros2.hpp:6:0[m[K,
                 from [01m[K/home/pankhuri/Week13/carViz/robot/../comm/laserClient.hpp:11[m[K,
                 from [01m[K/home/pankhuri/Week13/carViz/robot/sensors.h:15[m[K,
                 from [01m[K/home/pankhuri/Week13/carViz/robot/robot.h:6[m[K,
                 from [01m[K/home/pankhuri/Week13/carViz/main.cpp:1[m[K:
[01m[K/home/pankhuri/Week13/carViz/robot/../comm/ros2head/translatorsros2.hpp:33:2:[m[K [01;36m[Knote: [m[K‘[01m[Kvoid camViz::depthToRGB(const cv::Mat&, cv::Mat&, std::__cxx11::string)[m[K’ previously defined here
  [01;36m[KdepthToRGB[m[K(const cv::Mat& float_img, cv::Mat& rgb_img, std::string type ){
  [01;36m[K^~~~~~~~~~[m[K
In file included from [01m[K/home/pankhuri/Week13/carViz/robot/../comm/ros2head/listenerCameraros2.hpp:10:0[m[K,
                 from [01m[K/home/pankhuri/Week13/carViz/robot/../comm/cameraClient.hpp:13[m[K,
                 from [01m[K/home/pankhuri/Week13/carViz/robot/sensors.h:16[m[K,
                 from [01m[K/home/pankhuri/Week13/carViz/robot/robot.h:6[m[K,
                 from [01m[K/home/pankhuri/Week13/carViz/main.cpp:1[m[K:
[01m[K/home/pankhuri/Week13/carViz/robot/../comm/ros2head/translatorsros2.hpp:[m[K In function ‘[01m[KJdeRobotTypes::Image camViz::translate_image_messages(sensor_msgs::msg::Image_<std::allocator<void> >::SharedPtr)[m[K’:
[01m[K/home/pankhuri/Week13/carViz/robot/../comm/ros2head/translatorsros2.hpp:52:2:[m[K [01;31m[Kerror: [m[Kredefinition of ‘[01m[KJdeRobotTypes::Image camViz::translate_image_messages(sensor_msgs::msg::Image_<std::allocator<void> >::SharedPtr)[m[K’
  [01;31m[Ktranslate_image_messages[m[K(const sensor_msgs::msg::Image::SharedPtr image_msg){
  [01;31m[K^~~~~~~~~~~~~~~~~~~~~~~~[m[K
In file included from [01m[K/home/pankhuri/Week13/carViz/robot/../comm/ros2head/listenerLaserros2.hpp:6:0[m[K,
                 from [01m[K/home/pankhuri/Week13/carViz/robot/../comm/laserClient.hpp:11[m[K,
                 from [01m[K/home/pankhuri/Week13/carViz/robot/sensors.h:15[m[K,
                 from [01m[K/home/pankhuri/Week13/carViz/robot/robot.h:6[m[K,
                 from [01m[K/home/pankhuri/Week13/carViz/main.cpp:1[m[K:
[01m[K/home/pankhuri/Week13/carViz/robot/../comm/ros2head/translatorsros2.hpp:52:2:[m[K [01;36m[Knote: [m[K‘[01m[KJdeRobotTypes::Image camViz::translate_image_messages(sensor_msgs::msg::Image_<std::allocator<void> >::SharedPtr)[m[K’ previously defined here
  [01;36m[Ktranslate_image_messages[m[K(const sensor_msgs::msg::Image::SharedPtr image_msg){
  [01;36m[K^~~~~~~~~~~~~~~~~~~~~~~~[m[K
In file included from [01m[K/home/pankhuri/Week13/carViz/robot/../comm/ros2head/listenerPoseros2.hpp:6:0[m[K,
                 from [01m[K/home/pankhuri/Week13/carViz/robot/../comm/pose3dClient.hpp:10[m[K,
                 from [01m[K/home/pankhuri/Week13/carViz/robot/sensors.h:17[m[K,
                 from [01m[K/home/pankhuri/Week13/carViz/robot/robot.h:6[m[K,
                 from [01m[K/home/pankhuri/Week13/carViz/robot/robot.cpp:1[m[K:
[01m[K/home/pankhuri/Week13/carViz/robot/../comm/ros2head/translatorsros2.hpp:[m[K At global scope:
[01m[K/home/pankhuri/Week13/carViz/robot/../comm/ros2head/translatorsros2.hpp:28:11:[m[K [01;31m[Kerror: [m[Kredefinition of ‘[01m[Kfloat camViz::PI[m[K’
     float [01;31m[KPI[m[K = 3.1415;
           [01;31m[K^~[m[K
In file included from [01m[K/home/pankhuri/Week13/carViz/robot/../comm/ros2head/listenerLaserros2.hpp:6:0[m[K,
                 from [01m[K/home/pankhuri/Week13/carViz/robot/../comm/laserClient.hpp:11[m[K,
                 from [01m[K/home/pankhuri/Week13/carViz/robot/sensors.h:15[m[K,
                 from [01m[K/home/pankhuri/Week13/carViz/robot/robot.h:6[m[K,
                 from [01m[K/home/pankhuri/Week13/carViz/robot/robot.cpp:1[m[K:
[01m[K/home/pankhuri/Week13/carViz/robot/../comm/ros2head/translatorsros2.hpp:28:11:[m[K [01;36m[Knote: [m[K‘[01m[Kfloat camViz::PI[m[K’ previously defined here
     float [01;36m[KPI[m[K = 3.1415;
           [01;36m[K^~[m[K
In file included from [01m[K/home/pankhuri/Week13/carViz/robot/../comm/ros2head/listenerPoseros2.hpp:6:0[m[K,
                 from [01m[K/home/pankhuri/Week13/carViz/robot/../comm/pose3dClient.hpp:10[m[K,
                 from [01m[K/home/pankhuri/Week13/carViz/robot/sensors.h:17[m[K,
                 from [01m[K/home/pankhuri/Week13/carViz/robot/robot.h:6[m[K,
                 from [01m[K/home/pankhuri/Week13/carViz/robot/robot.cpp:1[m[K:
[01m[K/home/pankhuri/Week13/carViz/robot/../comm/ros2head/translatorsros2.hpp:30:6:[m[K [01;31m[Kerror: [m[Kredefinition of ‘[01m[Kint camViz::MAXRANGEIMGD[m[K’
  int [01;31m[KMAXRANGEIMGD[m[K = 8; //max length received from imageD
      [01;31m[K^~~~~~~~~~~~[m[K
In file included from [01m[K/home/pankhuri/Week13/carViz/robot/../comm/ros2head/listenerLaserros2.hpp:6:0[m[K,
                 from [01m[K/home/pankhuri/Week13/carViz/robot/../comm/laserClient.hpp:11[m[K,
                 from [01m[K/home/pankhuri/Week13/carViz/robot/sensors.h:15[m[K,
                 from [01m[K/home/pankhuri/Week13/carViz/robot/robot.h:6[m[K,
                 from [01m[K/home/pankhuri/Week13/carViz/robot/robot.cpp:1[m[K:
[01m[K/home/pankhuri/Week13/carViz/robot/../comm/ros2head/translatorsros2.hpp:30:6:[m[K [01;36m[Knote: [m[K‘[01m[Kint camViz::MAXRANGEIMGD[m[K’ previously defined here
  int [01;36m[KMAXRANGEIMGD[m[K = 8; //max length received from imageD
      [01;36m[K^~~~~~~~~~~~[m[K
In file included from [01m[K/home/pankhuri/Week13/carViz/robot/../comm/ros2head/listenerPoseros2.hpp:6:0[m[K,
                 from [01m[K/home/pankhuri/Week13/carViz/robot/../comm/pose3dClient.hpp:10[m[K,
                 from [01m[K/home/pankhuri/Week13/carViz/robot/sensors.h:17[m[K,
                 from [01m[K/home/pankhuri/Week13/carViz/robot/robot.h:6[m[K,
                 from [01m[K/home/pankhuri/Week13/carViz/robot/robot.cpp:1[m[K:
[01m[K/home/pankhuri/Week13/carViz/robot/../comm/ros2head/translatorsros2.hpp:[m[K In function ‘[01m[Kvoid camViz::depthToRGB(const cv::Mat&, cv::Mat&, std::__cxx11::string)[m[K’:
[01m[K/home/pankhuri/Week13/carViz/robot/../comm/ros2head/translatorsros2.hpp:33:2:[m[K [01;31m[Kerror: [m[Kredefinition of ‘[01m[Kvoid camViz::depthToRGB(const cv::Mat&, cv::Mat&, std::__cxx11::string)[m[K’
  [01;31m[KdepthToRGB[m[K(const cv::Mat& float_img, cv::Mat& rgb_img, std::string type ){
  [01;31m[K^~~~~~~~~~[m[K
In file included from [01m[K/home/pankhuri/Week13/carViz/robot/../comm/ros2head/listenerLaserros2.hpp:6:0[m[K,
                 from [01m[K/home/pankhuri/Week13/carViz/robot/../comm/laserClient.hpp:11[m[K,
                 from [01m[K/home/pankhuri/Week13/carViz/robot/sensors.h:15[m[K,
                 from [01m[K/home/pankhuri/Week13/carViz/robot/robot.h:6[m[K,
                 from [01m[K/home/pankhuri/Week13/carViz/robot/robot.cpp:1[m[K:
[01m[K/home/pankhuri/Week13/carViz/robot/../comm/ros2head/translatorsros2.hpp:33:2:[m[K [01;36m[Knote: [m[K‘[01m[Kvoid camViz::depthToRGB(const cv::Mat&, cv::Mat&, std::__cxx11::string)[m[K’ previously defined here
  [01;36m[KdepthToRGB[m[K(const cv::Mat& float_img, cv::Mat& rgb_img, std::string type ){
  [01;36m[K^~~~~~~~~~[m[K
In file included from [01m[K/home/pankhuri/Week13/carViz/robot/../comm/ros2head/listenerPoseros2.hpp:6:0[m[K,
                 from [01m[K/home/pankhuri/Week13/carViz/robot/../comm/pose3dClient.hpp:10[m[K,
                 from [01m[K/home/pankhuri/Week13/carViz/robot/sensors.h:17[m[K,
                 from [01m[K/home/pankhuri/Week13/carViz/robot/robot.h:6[m[K,
                 from [01m[K/home/pankhuri/Week13/carViz/robot/robot.cpp:1[m[K:
[01m[K/home/pankhuri/Week13/carViz/robot/../comm/ros2head/translatorsros2.hpp:[m[K In function ‘[01m[KJdeRobotTypes::Image camViz::translate_image_messages(sensor_msgs::msg::Image_<std::allocator<void> >::SharedPtr)[m[K’:
[01m[K/home/pankhuri/Week13/carViz/robot/../comm/ros2head/translatorsros2.hpp:52:2:[m[K [01;31m[Kerror: [m[Kredefinition of ‘[01m[KJdeRobotTypes::Image camViz::translate_image_messages(sensor_msgs::msg::Image_<std::allocator<void> >::SharedPtr)[m[K’
  [01;31m[Ktranslate_image_messages[m[K(const sensor_msgs::msg::Image::SharedPtr image_msg){
  [01;31m[K^~~~~~~~~~~~~~~~~~~~~~~~[m[K
In file included from [01m[K/home/pankhuri/Week13/carViz/robot/../comm/ros2head/listenerLaserros2.hpp:6:0[m[K,
                 from [01m[K/home/pankhuri/Week13/carViz/robot/../comm/laserClient.hpp:11[m[K,
                 from [01m[K/home/pankhuri/Week13/carViz/robot/sensors.h:15[m[K,
                 from [01m[K/home/pankhuri/Week13/carViz/robot/robot.h:6[m[K,
                 from [01m[K/home/pankhuri/Week13/carViz/robot/robot.cpp:1[m[K:
[01m[K/home/pankhuri/Week13/carViz/robot/../comm/ros2head/translatorsros2.hpp:52:2:[m[K [01;36m[Knote: [m[K‘[01m[KJdeRobotTypes::Image camViz::translate_image_messages(sensor_msgs::msg::Image_<std::allocator<void> >::SharedPtr)[m[K’ previously defined here
  [01;36m[Ktranslate_image_messages[m[K(const sensor_msgs::msg::Image::SharedPtr image_msg){
  [01;36m[K^~~~~~~~~~~~~~~~~~~~~~~~[m[K
In file included from [01m[K/home/pankhuri/Week13/carViz/robot/../comm/ros2head/listenerPoseros2.hpp:6:0[m[K,
                 from [01m[K/home/pankhuri/Week13/carViz/robot/../comm/pose3dClient.hpp:10[m[K,
                 from [01m[K/home/pankhuri/Week13/carViz/robot/sensors.h:17[m[K,
                 from [01m[K/home/pankhuri/Week13/carViz/robot/robot.h:6[m[K,
                 from [01m[K/home/pankhuri/Week13/carViz/main.cpp:1[m[K:
[01m[K/home/pankhuri/Week13/carViz/robot/../comm/ros2head/translatorsros2.hpp:[m[K At global scope:
[01m[K/home/pankhuri/Week13/carViz/robot/../comm/ros2head/translatorsros2.hpp:28:11:[m[K [01;31m[Kerror: [m[Kredefinition of ‘[01m[Kfloat camViz::PI[m[K’
     float [01;31m[KPI[m[K = 3.1415;
           [01;31m[K^~[m[K
In file included from [01m[K/home/pankhuri/Week13/carViz/robot/../comm/ros2head/listenerLaserros2.hpp:6:0[m[K,
                 from [01m[K/home/pankhuri/Week13/carViz/robot/../comm/laserClient.hpp:11[m[K,
                 from [01m[K/home/pankhuri/Week13/carViz/robot/sensors.h:15[m[K,
                 from [01m[K/home/pankhuri/Week13/carViz/robot/robot.h:6[m[K,
                 from [01m[K/home/pankhuri/Week13/carViz/main.cpp:1[m[K:
[01m[K/home/pankhuri/Week13/carViz/robot/../comm/ros2head/translatorsros2.hpp:28:11:[m[K [01;36m[Knote: [m[K‘[01m[Kfloat camViz::PI[m[K’ previously defined here
     float [01;36m[KPI[m[K = 3.1415;
           [01;36m[K^~[m[K
In file included from [01m[K/home/pankhuri/Week13/carViz/robot/../comm/ros2head/listenerPoseros2.hpp:6:0[m[K,
                 from [01m[K/home/pankhuri/Week13/carViz/robot/../comm/pose3dClient.hpp:10[m[K,
                 from [01m[K/home/pankhuri/Week13/carViz/robot/sensors.h:17[m[K,
                 from [01m[K/home/pankhuri/Week13/carViz/robot/robot.h:6[m[K,
                 from [01m[K/home/pankhuri/Week13/carViz/main.cpp:1[m[K:
[01m[K/home/pankhuri/Week13/carViz/robot/../comm/ros2head/translatorsros2.hpp:30:6:[m[K [01;31m[Kerror: [m[Kredefinition of ‘[01m[Kint camViz::MAXRANGEIMGD[m[K’
  int [01;31m[KMAXRANGEIMGD[m[K = 8; //max length received from imageD
      [01;31m[K^~~~~~~~~~~~[m[K
In file included from [01m[K/home/pankhuri/Week13/carViz/robot/../comm/ros2head/listenerLaserros2.hpp:6:0[m[K,
                 from [01m[K/home/pankhuri/Week13/carViz/robot/../comm/laserClient.hpp:11[m[K,
                 from [01m[K/home/pankhuri/Week13/carViz/robot/sensors.h:15[m[K,
                 from [01m[K/home/pankhuri/Week13/carViz/robot/robot.h:6[m[K,
                 from [01m[K/home/pankhuri/Week13/carViz/main.cpp:1[m[K:
[01m[K/home/pankhuri/Week13/carViz/robot/../comm/ros2head/translatorsros2.hpp:30:6:[m[K [01;36m[Knote: [m[K‘[01m[Kint camViz::MAXRANGEIMGD[m[K’ previously defined here
  int [01;36m[KMAXRANGEIMGD[m[K = 8; //max length received from imageD
      [01;36m[K^~~~~~~~~~~~[m[K
In file included from [01m[K/home/pankhuri/Week13/carViz/robot/../comm/ros2head/listenerPoseros2.hpp:6:0[m[K,
                 from [01m[K/home/pankhuri/Week13/carViz/robot/../comm/pose3dClient.hpp:10[m[K,
                 from [01m[K/home/pankhuri/Week13/carViz/robot/sensors.h:17[m[K,
                 from [01m[K/home/pankhuri/Week13/carViz/robot/robot.h:6[m[K,
                 from [01m[K/home/pankhuri/Week13/carViz/main.cpp:1[m[K:
[01m[K/home/pankhuri/Week13/carViz/robot/../comm/ros2head/translatorsros2.hpp:[m[K In function ‘[01m[Kvoid camViz::depthToRGB(const cv::Mat&, cv::Mat&, std::__cxx11::string)[m[K’:
[01m[K/home/pankhuri/Week13/carViz/robot/../comm/ros2head/translatorsros2.hpp:33:2:[m[K [01;31m[Kerror: [m[Kredefinition of ‘[01m[Kvoid camViz::depthToRGB(const cv::Mat&, cv::Mat&, std::__cxx11::string)[m[K’
  [01;31m[KdepthToRGB[m[K(const cv::Mat& float_img, cv::Mat& rgb_img, std::string type ){
  [01;31m[K^~~~~~~~~~[m[K
In file included from [01m[K/home/pankhuri/Week13/carViz/robot/../comm/ros2head/listenerLaserros2.hpp:6:0[m[K,
                 from [01m[K/home/pankhuri/Week13/carViz/robot/../comm/laserClient.hpp:11[m[K,
                 from [01m[K/home/pankhuri/Week13/carViz/robot/sensors.h:15[m[K,
                 from [01m[K/home/pankhuri/Week13/carViz/robot/robot.h:6[m[K,
                 from [01m[K/home/pankhuri/Week13/carViz/main.cpp:1[m[K:
[01m[K/home/pankhuri/Week13/carViz/robot/../comm/ros2head/translatorsros2.hpp:33:2:[m[K [01;36m[Knote: [m[K‘[01m[Kvoid camViz::depthToRGB(const cv::Mat&, cv::Mat&, std::__cxx11::string)[m[K’ previously defined here
  [01;36m[KdepthToRGB[m[K(const cv::Mat& float_img, cv::Mat& rgb_img, std::string type ){
  [01;36m[K^~~~~~~~~~[m[K
In file included from [01m[K/home/pankhuri/Week13/carViz/robot/../comm/ros2head/listenerPoseros2.hpp:6:0[m[K,
                 from [01m[K/home/pankhuri/Week13/carViz/robot/../comm/pose3dClient.hpp:10[m[K,
                 from [01m[K/home/pankhuri/Week13/carViz/robot/sensors.h:17[m[K,
                 from [01m[K/home/pankhuri/Week13/carViz/robot/robot.h:6[m[K,
                 from [01m[K/home/pankhuri/Week13/carViz/main.cpp:1[m[K:
[01m[K/home/pankhuri/Week13/carViz/robot/../comm/ros2head/translatorsros2.hpp:[m[K In function ‘[01m[KJdeRobotTypes::Image camViz::translate_image_messages(sensor_msgs::msg::Image_<std::allocator<void> >::SharedPtr)[m[K’:
[01m[K/home/pankhuri/Week13/carViz/robot/../comm/ros2head/translatorsros2.hpp:52:2:[m[K [01;31m[Kerror: [m[Kredefinition of ‘[01m[KJdeRobotTypes::Image camViz::translate_image_messages(sensor_msgs::msg::Image_<std::allocator<void> >::SharedPtr)[m[K’
  [01;31m[Ktranslate_image_messages[m[K(const sensor_msgs::msg::Image::SharedPtr image_msg){
  [01;31m[K^~~~~~~~~~~~~~~~~~~~~~~~[m[K
In file included from [01m[K/home/pankhuri/Week13/carViz/robot/../comm/ros2head/listenerLaserros2.hpp:6:0[m[K,
                 from [01m[K/home/pankhuri/Week13/carViz/robot/../comm/laserClient.hpp:11[m[K,
                 from [01m[K/home/pankhuri/Week13/carViz/robot/sensors.h:15[m[K,
                 from [01m[K/home/pankhuri/Week13/carViz/robot/robot.h:6[m[K,
                 from [01m[K/home/pankhuri/Week13/carViz/main.cpp:1[m[K:
[01m[K/home/pankhuri/Week13/carViz/robot/../comm/ros2head/translatorsros2.hpp:52:2:[m[K [01;36m[Knote: [m[K‘[01m[KJdeRobotTypes::Image camViz::translate_image_messages(sensor_msgs::msg::Image_<std::allocator<void> >::SharedPtr)[m[K’ previously defined here
  [01;36m[Ktranslate_image_messages[m[K(const sensor_msgs::msg::Image::SharedPtr image_msg){
  [01;36m[K^~~~~~~~~~~~~~~~~~~~~~~~[m[K
In file included from [01m[K/home/pankhuri/Week13/carViz/robot/../comm/ros2head/publisherMotorsros2.hpp:6:0[m[K,
                 from [01m[K/home/pankhuri/Week13/carViz/robot/../comm/motorsClient.hpp:6[m[K,
                 from [01m[K/home/pankhuri/Week13/carViz/robot/actuators.h:7[m[K,
                 from [01m[K/home/pankhuri/Week13/carViz/robot/robot.h:7[m[K,
                 from [01m[K/home/pankhuri/Week13/carViz/robot/robot.cpp:1[m[K:
[01m[K/home/pankhuri/Week13/carViz/robot/../comm/ros2head/translatorsros2.hpp:[m[K At global scope:
[01m[K/home/pankhuri/Week13/carViz/robot/../comm/ros2head/translatorsros2.hpp:28:11:[m[K [01;31m[Kerror: [m[Kredefinition of ‘[01m[Kfloat camViz::PI[m[K’
     float [01;31m[KPI[m[K = 3.1415;
           [01;31m[K^~[m[K
In file included from [01m[K/home/pankhuri/Week13/carViz/robot/../comm/ros2head/listenerLaserros2.hpp:6:0[m[K,
                 from [01m[K/home/pankhuri/Week13/carViz/robot/../comm/laserClient.hpp:11[m[K,
                 from [01m[K/home/pankhuri/Week13/carViz/robot/sensors.h:15[m[K,
                 from [01m[K/home/pankhuri/Week13/carViz/robot/robot.h:6[m[K,
                 from [01m[K/home/pankhuri/Week13/carViz/robot/robot.cpp:1[m[K:
[01m[K/home/pankhuri/Week13/carViz/robot/../comm/ros2head/translatorsros2.hpp:28:11:[m[K [01;36m[Knote: [m[K‘[01m[Kfloat camViz::PI[m[K’ previously defined here
     float [01;36m[KPI[m[K = 3.1415;
           [01;36m[K^~[m[K
In file included from [01m[K/home/pankhuri/Week13/carViz/robot/../comm/ros2head/publisherMotorsros2.hpp:6:0[m[K,
                 from [01m[K/home/pankhuri/Week13/carViz/robot/../comm/motorsClient.hpp:6[m[K,
                 from [01m[K/home/pankhuri/Week13/carViz/robot/actuators.h:7[m[K,
                 from [01m[K/home/pankhuri/Week13/carViz/robot/robot.h:7[m[K,
                 from [01m[K/home/pankhuri/Week13/carViz/robot/robot.cpp:1[m[K:
[01m[K/home/pankhuri/Week13/carViz/robot/../comm/ros2head/translatorsros2.hpp:30:6:[m[K [01;31m[Kerror: [m[Kredefinition of ‘[01m[Kint camViz::MAXRANGEIMGD[m[K’
  int [01;31m[KMAXRANGEIMGD[m[K = 8; //max length received from imageD
      [01;31m[K^~~~~~~~~~~~[m[K
In file included from [01m[K/home/pankhuri/Week13/carViz/robot/../comm/ros2head/listenerLaserros2.hpp:6:0[m[K,
                 from [01m[K/home/pankhuri/Week13/carViz/robot/../comm/laserClient.hpp:11[m[K,
                 from [01m[K/home/pankhuri/Week13/carViz/robot/sensors.h:15[m[K,
                 from [01m[K/home/pankhuri/Week13/carViz/robot/robot.h:6[m[K,
                 from [01m[K/home/pankhuri/Week13/carViz/robot/robot.cpp:1[m[K:
[01m[K/home/pankhuri/Week13/carViz/robot/../comm/ros2head/translatorsros2.hpp:30:6:[m[K [01;36m[Knote: [m[K‘[01m[Kint camViz::MAXRANGEIMGD[m[K’ previously defined here
  int [01;36m[KMAXRANGEIMGD[m[K = 8; //max length received from imageD
      [01;36m[K^~~~~~~~~~~~[m[K
In file included from [01m[K/home/pankhuri/Week13/carViz/robot/../comm/ros2head/publisherMotorsros2.hpp:6:0[m[K,
                 from [01m[K/home/pankhuri/Week13/carViz/robot/../comm/motorsClient.hpp:6[m[K,
                 from [01m[K/home/pankhuri/Week13/carViz/robot/actuators.h:7[m[K,
                 from [01m[K/home/pankhuri/Week13/carViz/robot/robot.h:7[m[K,
                 from [01m[K/home/pankhuri/Week13/carViz/robot/robot.cpp:1[m[K:
[01m[K/home/pankhuri/Week13/carViz/robot/../comm/ros2head/translatorsros2.hpp:[m[K In function ‘[01m[Kvoid camViz::depthToRGB(const cv::Mat&, cv::Mat&, std::__cxx11::string)[m[K’:
[01m[K/home/pankhuri/Week13/carViz/robot/../comm/ros2head/translatorsros2.hpp:33:2:[m[K [01;31m[Kerror: [m[Kredefinition of ‘[01m[Kvoid camViz::depthToRGB(const cv::Mat&, cv::Mat&, std::__cxx11::string)[m[K’
  [01;31m[KdepthToRGB[m[K(const cv::Mat& float_img, cv::Mat& rgb_img, std::string type ){
  [01;31m[K^~~~~~~~~~[m[K
In file included from [01m[K/home/pankhuri/Week13/carViz/robot/../comm/ros2head/listenerLaserros2.hpp:6:0[m[K,
                 from [01m[K/home/pankhuri/Week13/carViz/robot/../comm/laserClient.hpp:11[m[K,
                 from [01m[K/home/pankhuri/Week13/carViz/robot/sensors.h:15[m[K,
                 from [01m[K/home/pankhuri/Week13/carViz/robot/robot.h:6[m[K,
                 from [01m[K/home/pankhuri/Week13/carViz/robot/robot.cpp:1[m[K:
[01m[K/home/pankhuri/Week13/carViz/robot/../comm/ros2head/translatorsros2.hpp:33:2:[m[K [01;36m[Knote: [m[K‘[01m[Kvoid camViz::depthToRGB(const cv::Mat&, cv::Mat&, std::__cxx11::string)[m[K’ previously defined here
  [01;36m[KdepthToRGB[m[K(const cv::Mat& float_img, cv::Mat& rgb_img, std::string type ){
  [01;36m[K^~~~~~~~~~[m[K
In file included from [01m[K/home/pankhuri/Week13/carViz/robot/../comm/ros2head/publisherMotorsros2.hpp:6:0[m[K,
                 from [01m[K/home/pankhuri/Week13/carViz/robot/../comm/motorsClient.hpp:6[m[K,
                 from [01m[K/home/pankhuri/Week13/carViz/robot/actuators.h:7[m[K,
                 from [01m[K/home/pankhuri/Week13/carViz/robot/robot.h:7[m[K,
                 from [01m[K/home/pankhuri/Week13/carViz/robot/robot.cpp:1[m[K:
[01m[K/home/pankhuri/Week13/carViz/robot/../comm/ros2head/translatorsros2.hpp:[m[K In function ‘[01m[KJdeRobotTypes::Image camViz::translate_image_messages(sensor_msgs::msg::Image_<std::allocator<void> >::SharedPtr)[m[K’:
[01m[K/home/pankhuri/Week13/carViz/robot/../comm/ros2head/translatorsros2.hpp:52:2:[m[K [01;31m[Kerror: [m[Kredefinition of ‘[01m[KJdeRobotTypes::Image camViz::translate_image_messages(sensor_msgs::msg::Image_<std::allocator<void> >::SharedPtr)[m[K’
  [01;31m[Ktranslate_image_messages[m[K(const sensor_msgs::msg::Image::SharedPtr image_msg){
  [01;31m[K^~~~~~~~~~~~~~~~~~~~~~~~[m[K
In file included from [01m[K/home/pankhuri/Week13/carViz/robot/../comm/ros2head/listenerLaserros2.hpp:6:0[m[K,
                 from [01m[K/home/pankhuri/Week13/carViz/robot/../comm/laserClient.hpp:11[m[K,
                 from [01m[K/home/pankhuri/Week13/carViz/robot/sensors.h:15[m[K,
                 from [01m[K/home/pankhuri/Week13/carViz/robot/robot.h:6[m[K,
                 from [01m[K/home/pankhuri/Week13/carViz/robot/robot.cpp:1[m[K:
[01m[K/home/pankhuri/Week13/carViz/robot/../comm/ros2head/translatorsros2.hpp:52:2:[m[K [01;36m[Knote: [m[K‘[01m[KJdeRobotTypes::Image camViz::translate_image_messages(sensor_msgs::msg::Image_<std::allocator<void> >::SharedPtr)[m[K’ previously defined here
  [01;36m[Ktranslate_image_messages[m[K(const sensor_msgs::msg::Image::SharedPtr image_msg){
  [01;36m[K^~~~~~~~~~~~~~~~~~~~~~~~[m[K
In file included from [01m[K/home/pankhuri/Week13/carViz/robot/../comm/ros2head/publisherMotorsros2.hpp:6:0[m[K,
                 from [01m[K/home/pankhuri/Week13/carViz/robot/../comm/motorsClient.hpp:6[m[K,
                 from [01m[K/home/pankhuri/Week13/carViz/robot/actuators.h:7[m[K,
                 from [01m[K/home/pankhuri/Week13/carViz/robot/robot.h:7[m[K,
                 from [01m[K/home/pankhuri/Week13/carViz/main.cpp:1[m[K:
[01m[K/home/pankhuri/Week13/carViz/robot/../comm/ros2head/translatorsros2.hpp:[m[K At global scope:
[01m[K/home/pankhuri/Week13/carViz/robot/../comm/ros2head/translatorsros2.hpp:28:11:[m[K [01;31m[Kerror: [m[Kredefinition of ‘[01m[Kfloat camViz::PI[m[K’
     float [01;31m[KPI[m[K = 3.1415;
           [01;31m[K^~[m[K
In file included from [01m[K/home/pankhuri/Week13/carViz/robot/../comm/ros2head/listenerLaserros2.hpp:6:0[m[K,
                 from [01m[K/home/pankhuri/Week13/carViz/robot/../comm/laserClient.hpp:11[m[K,
                 from [01m[K/home/pankhuri/Week13/carViz/robot/sensors.h:15[m[K,
                 from [01m[K/home/pankhuri/Week13/carViz/robot/robot.h:6[m[K,
                 from [01m[K/home/pankhuri/Week13/carViz/main.cpp:1[m[K:
[01m[K/home/pankhuri/Week13/carViz/robot/../comm/ros2head/translatorsros2.hpp:28:11:[m[K [01;36m[Knote: [m[K‘[01m[Kfloat camViz::PI[m[K’ previously defined here
     float [01;36m[KPI[m[K = 3.1415;
           [01;36m[K^~[m[K
In file included from [01m[K/home/pankhuri/Week13/carViz/robot/../comm/ros2head/publisherMotorsros2.hpp:6:0[m[K,
                 from [01m[K/home/pankhuri/Week13/carViz/robot/../comm/motorsClient.hpp:6[m[K,
                 from [01m[K/home/pankhuri/Week13/carViz/robot/actuators.h:7[m[K,
                 from [01m[K/home/pankhuri/Week13/carViz/robot/robot.h:7[m[K,
                 from [01m[K/home/pankhuri/Week13/carViz/main.cpp:1[m[K:
[01m[K/home/pankhuri/Week13/carViz/robot/../comm/ros2head/translatorsros2.hpp:30:6:[m[K [01;31m[Kerror: [m[Kredefinition of ‘[01m[Kint camViz::MAXRANGEIMGD[m[K’
  int [01;31m[KMAXRANGEIMGD[m[K = 8; //max length received from imageD
      [01;31m[K^~~~~~~~~~~~[m[K
In file included from [01m[K/home/pankhuri/Week13/carViz/robot/../comm/ros2head/listenerLaserros2.hpp:6:0[m[K,
                 from [01m[K/home/pankhuri/Week13/carViz/robot/../comm/laserClient.hpp:11[m[K,
                 from [01m[K/home/pankhuri/Week13/carViz/robot/sensors.h:15[m[K,
                 from [01m[K/home/pankhuri/Week13/carViz/robot/robot.h:6[m[K,
                 from [01m[K/home/pankhuri/Week13/carViz/main.cpp:1[m[K:
[01m[K/home/pankhuri/Week13/carViz/robot/../comm/ros2head/translatorsros2.hpp:30:6:[m[K [01;36m[Knote: [m[K‘[01m[Kint camViz::MAXRANGEIMGD[m[K’ previously defined here
  int [01;36m[KMAXRANGEIMGD[m[K = 8; //max length received from imageD
      [01;36m[K^~~~~~~~~~~~[m[K
In file included from [01m[K/home/pankhuri/Week13/carViz/robot/../comm/ros2head/publisherMotorsros2.hpp:6:0[m[K,
                 from [01m[K/home/pankhuri/Week13/carViz/robot/../comm/motorsClient.hpp:6[m[K,
                 from [01m[K/home/pankhuri/Week13/carViz/robot/actuators.h:7[m[K,
                 from [01m[K/home/pankhuri/Week13/carViz/robot/robot.h:7[m[K,
                 from [01m[K/home/pankhuri/Week13/carViz/main.cpp:1[m[K:
[01m[K/home/pankhuri/Week13/carViz/robot/../comm/ros2head/translatorsros2.hpp:[m[K In function ‘[01m[Kvoid camViz::depthToRGB(const cv::Mat&, cv::Mat&, std::__cxx11::string)[m[K’:
[01m[K/home/pankhuri/Week13/carViz/robot/../comm/ros2head/translatorsros2.hpp:33:2:[m[K [01;31m[Kerror: [m[Kredefinition of ‘[01m[Kvoid camViz::depthToRGB(const cv::Mat&, cv::Mat&, std::__cxx11::string)[m[K’
  [01;31m[KdepthToRGB[m[K(const cv::Mat& float_img, cv::Mat& rgb_img, std::string type ){
  [01;31m[K^~~~~~~~~~[m[K
In file included from [01m[K/home/pankhuri/Week13/carViz/robot/../comm/ros2head/listenerLaserros2.hpp:6:0[m[K,
                 from [01m[K/home/pankhuri/Week13/carViz/robot/../comm/laserClient.hpp:11[m[K,
                 from [01m[K/home/pankhuri/Week13/carViz/robot/sensors.h:15[m[K,
                 from [01m[K/home/pankhuri/Week13/carViz/robot/robot.h:6[m[K,
                 from [01m[K/home/pankhuri/Week13/carViz/main.cpp:1[m[K:
[01m[K/home/pankhuri/Week13/carViz/robot/../comm/ros2head/translatorsros2.hpp:33:2:[m[K [01;36m[Knote: [m[K‘[01m[Kvoid camViz::depthToRGB(const cv::Mat&, cv::Mat&, std::__cxx11::string)[m[K’ previously defined here
  [01;36m[KdepthToRGB[m[K(const cv::Mat& float_img, cv::Mat& rgb_img, std::string type ){
  [01;36m[K^~~~~~~~~~[m[K
In file included from [01m[K/home/pankhuri/Week13/carViz/robot/../comm/ros2head/publisherMotorsros2.hpp:6:0[m[K,
                 from [01m[K/home/pankhuri/Week13/carViz/robot/../comm/motorsClient.hpp:6[m[K,
                 from [01m[K/home/pankhuri/Week13/carViz/robot/actuators.h:7[m[K,
                 from [01m[K/home/pankhuri/Week13/carViz/robot/robot.h:7[m[K,
                 from [01m[K/home/pankhuri/Week13/carViz/main.cpp:1[m[K:
[01m[K/home/pankhuri/Week13/carViz/robot/../comm/ros2head/translatorsros2.hpp:[m[K In function ‘[01m[KJdeRobotTypes::Image camViz::translate_image_messages(sensor_msgs::msg::Image_<std::allocator<void> >::SharedPtr)[m[K’:
[01m[K/home/pankhuri/Week13/carViz/robot/../comm/ros2head/translatorsros2.hpp:52:2:[m[K [01;31m[Kerror: [m[Kredefinition of ‘[01m[KJdeRobotTypes::Image camViz::translate_image_messages(sensor_msgs::msg::Image_<std::allocator<void> >::SharedPtr)[m[K’
  [01;31m[Ktranslate_image_messages[m[K(const sensor_msgs::msg::Image::SharedPtr image_msg){
  [01;31m[K^~~~~~~~~~~~~~~~~~~~~~~~[m[K
In file included from [01m[K/home/pankhuri/Week13/carViz/robot/../comm/ros2head/listenerLaserros2.hpp:6:0[m[K,
                 from [01m[K/home/pankhuri/Week13/carViz/robot/../comm/laserClient.hpp:11[m[K,
                 from [01m[K/home/pankhuri/Week13/carViz/robot/sensors.h:15[m[K,
                 from [01m[K/home/pankhuri/Week13/carViz/robot/robot.h:6[m[K,
                 from [01m[K/home/pankhuri/Week13/carViz/main.cpp:1[m[K:
[01m[K/home/pankhuri/Week13/carViz/robot/../comm/ros2head/translatorsros2.hpp:52:2:[m[K [01;36m[Knote: [m[K‘[01m[KJdeRobotTypes::Image camViz::translate_image_messages(sensor_msgs::msg::Image_<std::allocator<void> >::SharedPtr)[m[K’ previously defined here
  [01;36m[Ktranslate_image_messages[m[K(const sensor_msgs::msg::Image::SharedPtr image_msg){
  [01;36m[K^~~~~~~~~~~~~~~~~~~~~~~~[m[K
In file included from [01m[K/home/pankhuri/Week13/carViz/main.cpp:4:0[m[K:
[01m[K/home/pankhuri/Week13/carViz/config/config.h:[m[K In function ‘[01m[KConfig::Properties Config::load(int, char**)[m[K’:
[01m[K/home/pankhuri/Week13/carViz/config/config.h:18:29:[m[K [01;35m[Kwarning: [m[Kunused parameter ‘[01m[Kargc[m[K’ [[01;35m[K-Wunused-parameter[m[K]
 Config::Properties load(int [01;35m[Kargc[m[K, char* argv[])
                             [01;35m[K^~~~[m[K
[01m[K/home/pankhuri/Week13/carViz/main.cpp:[m[K In function ‘[01m[Kint main(int, char**)[m[K’:
[01m[K/home/pankhuri/Week13/carViz/main.cpp:53:11:[m[K [01;31m[Kerror: [m[K‘[01m[Kshared_ptr[m[K’ was not declared in this scope
           [01;31m[Kshared_ptr[m[K<camViz::MinimalSubscriber> ptr((camViz::MinimalSubscriber*)camRGB);
           [01;31m[K^~~~~~~~~~[m[K
[01m[K/home/pankhuri/Week13/carViz/main.cpp:53:11:[m[K [01;36m[Knote: [m[Ksuggested alternatives:
In file included from [01m[K/usr/include/c++/7/bits/shared_ptr.h:52:0[m[K,
                 from [01m[K/usr/include/c++/7/memory:81[m[K,
                 from [01m[K/usr/include/yaml-cpp/parser.h:11[m[K,
                 from [01m[K/usr/include/yaml-cpp/yaml.h:10[m[K,
                 from [01m[K/home/pankhuri/Week13/carViz/robot/../comm/../config/properties.hpp:7[m[K,
                 from [01m[K/home/pankhuri/Week13/carViz/robot/../comm/communicator.hpp:3[m[K,
                 from [01m[K/home/pankhuri/Week13/carViz/robot/sensors.h:14[m[K,
                 from [01m[K/home/pankhuri/Week13/carViz/robot/robot.h:6[m[K,
                 from [01m[K/home/pankhuri/Week13/carViz/main.cpp:1[m[K:
[01m[K/usr/include/c++/7/bits/shared_ptr_base.h:347:11:[m[K [01;36m[Knote: [m[K  ‘[01m[Kstd::shared_ptr[m[K’
     class [01;36m[Kshared_ptr[m[K;
           [01;36m[K^~~~~~~~~~[m[K
In file included from [01m[K/usr/include/boost/throw_exception.hpp:42:0[m[K,
                 from [01m[K/usr/include/boost/smart_ptr/shared_ptr.hpp:27[m[K,
                 from [01m[K/usr/include/boost/shared_ptr.hpp:17[m[K,
                 from [01m[K/usr/include/yaml-cpp/node/ptr.h:11[m[K,
                 from [01m[K/usr/include/yaml-cpp/node/node.h:16[m[K,
                 from [01m[K/usr/include/yaml-cpp/yaml.h:16[m[K,
                 from [01m[K/home/pankhuri/Week13/carViz/robot/../comm/../config/properties.hpp:7[m[K,
                 from [01m[K/home/pankhuri/Week13/carViz/robot/../comm/communicator.hpp:3[m[K,
                 from [01m[K/home/pankhuri/Week13/carViz/robot/sensors.h:14[m[K,
                 from [01m[K/home/pankhuri/Week13/carViz/robot/robot.h:6[m[K,
                 from [01m[K/home/pankhuri/Week13/carViz/main.cpp:1[m[K:
[01m[K/usr/include/boost/exception/exception.hpp:19:44:[m[K [01;36m[Knote: [m[K  ‘[01m[Kboost::shared_ptr[m[K’
 namespace boost { template <class T> class [01;36m[Kshared_ptr[m[K; };
                                            [01;36m[K^~~~~~~~~~[m[K
[01m[K/usr/include/boost/exception/exception.hpp:19:44:[m[K [01;36m[Knote: [m[K  ‘[01m[Kboost::shared_ptr[m[K’
[01m[K/home/pankhuri/Week13/carViz/main.cpp:53:30:[m[K [01;31m[Kerror: [m[K‘[01m[KMinimalSubscriber[m[K’ is not a member of ‘[01m[KcamViz[m[K’
           shared_ptr<camViz::[01;31m[KMinimalSubscriber[m[K> ptr((camViz::MinimalSubscriber*)camRGB);
                              [01;31m[K^~~~~~~~~~~~~~~~~[m[K
[01m[K/home/pankhuri/Week13/carViz/main.cpp:53:62:[m[K [01;31m[Kerror: [m[K‘[01m[KMinimalSubscriber[m[K’ is not a member of ‘[01m[KcamViz[m[K’
           shared_ptr<camViz::MinimalSubscriber> ptr((camViz::[01;31m[KMinimalSubscriber[m[K*)camRGB);
                                                              [01;31m[K^~~~~~~~~~~~~~~~~[m[K
[01m[K/home/pankhuri/Week13/carViz/main.cpp:53:80:[m[K [01;31m[Kerror: [m[Kexpected primary-expression before ‘[01m[K)[m[K’ token
           shared_ptr<camViz::MinimalSubscriber> ptr((camViz::MinimalSubscriber*[01;31m[K)[m[KcamRGB);
                                                                                [01;31m[K^[m[K
[01m[K/home/pankhuri/Week13/carViz/main.cpp:53:49:[m[K [01;31m[Kerror: [m[K‘[01m[Kptr[m[K’ was not declared in this scope
           shared_ptr<camViz::MinimalSubscriber> [01;31m[Kptr[m[K((camViz::MinimalSubscriber*)camRGB);
                                                 [01;31m[K^~~[m[K
[01m[K/home/pankhuri/Week13/carViz/main.cpp:53:49:[m[K [01;36m[Knote: [m[Ksuggested alternative: ‘[01m[Kputw[m[K’
           shared_ptr<camViz::MinimalSubscriber> [01;36m[Kptr[m[K((camViz::MinimalSubscriber*)camRGB);
                                                 [01;36m[K^~~[m[K
                                                 [32m[Kputw[m[K
make[2]: *** [CMakeFiles/carViz.dir/robot/robot.cpp.o] Error 1
make[2]: *** [CMakeFiles/carViz.dir/main.cpp.o] Error 1
make[1]: *** [CMakeFiles/carViz.dir/all] Error 2
make: *** [all] Error 2
